<?xml version="1.0" encoding="UTF-8" ?>
<testsuite errors="0" failures="0" hostname="Admin-PC" name="controller.databaseTest" skipped="0" tests="7" time="28.694" timestamp="2020-01-29T02:36:33">
  <properties>
[...]
</properties>
  <testcase classname="controller.databaseTest" name="testEscrever" time="0.023" />
  <testcase classname="controller.databaseTest" name="testLerArquivo" time="5.405" />
  <testcase classname="controller.databaseTest" name="testAutorQuantidade" time="5.774" />
  <testcase classname="controller.databaseTest" name="testAutorLivro" time="5.815" />
  <testcase classname="controller.databaseTest" name="testRemover" time="0.001" />
  <testcase classname="controller.databaseTest" name="testBuscar" time="5.791" />
  <testcase classname="controller.databaseTest" name="testLivroAno" time="5.721" />
  <system-out><![CDATA[The Opal Pin
Trail Smoke
The Red Ledger
Never Again
Corporal Bob
Coogan's Last Run
The Whispering Lane
Leathermouth
More Lives than One
Chaffee of Roaring Horse
A Voyage to New South Wales
The Vanity Case
The Feudists
The Soul of Countess Adrian
The Knot Garden
Child of Chequer'd Fortune
The Wedding Chest Mystery
The Charteris Mystery
A Rider of the High Mesa
Collected Short Stories
The Skeleton at the Feast
The Doorstep Murders
The White Witch
The Tapestry Room Murder
Who Killed Caldwell
Christianity and Morals
Crime Tears On
Murder Will In
The Crime in the Crypt
The Bronze Hand
Good Marriage and Other Stories
The Daughter of the House
Action by Night
The Broken O
The Silver Desert
The Omnibus Fleming Stone
Murder in the Bookshop
Sleeping Dogs
Canyon Passage
A Point of Testimony
The Tall House Mystery
The Furthest Fury
The Beautiful Derelict
Wheels Within Wheels
Scarecrow
The Affair at Flower Acres
Bugles in the Afternoon
The Border Trumpet
Rethinking Athenian Democracy
Mystery at the Rectory
Big Brother and Other Stories
Long Storm
The Winds of Chance
Rainbow's End
The Auction Block
The Craig Poisoning Mystery
Starlight Rider
The Clifford Affair
The Footsteps that Stopped
The Iron Trail
The Cluny Problem
The Eames-Erskine Case
The Vengeance of Durand
Jaragu and the Lost Islands
The Net
Settlers and Convicts
The Ne'er-Do-Well
The Great Sioux Festival
Man in the Saddle
Flowing Gold
Woman in Ambush
Jaragu of the Jungle
The Barrier
Pardners
Infallibility
The Silver Horde
Alder Gulch
Too Fat to Fight
Going Some
The King of No-Land
The Black Coat
The Electric Gun
The Noble Lord
The Emu's Head
The Land of Wherisit
The Looting of Alaska
The Sixth Thing
The Alster Case
Trouble Shooter
The Ranch on the Beaver
The Spoilers
When I Lived in Bohemia
What Doth It Profit
My Only Murder
The Voyage of the Pulo Way
Across Papua
A Voice from the Fog
Riddles Read
Found and Fettered
Riders West
The Lady Ermetta
The Phantom Woman
The Hole in the Glass
The Garden in Asia
The Blackmailer
The Stolen Treasure
Saddle and Ride
The Cuneiform Inscription
The Bradmoor Murder
Dust
The Specimen Case
Head of the Mountain
The Adventurers
The Earthbreakers
Murder on the Frontier
Sundown Jim
Letters from Christopher
Stampede
Folded Hills
Ranchero
The Long Rifle
The Outlet
Whispering Range
Blizzard Camp
Dead Man Range
The Year of Miracle
Rim of the Desert
Laughing Bill Hyde
Oh
The Pink Shop
The Peacock of Jewels
The Mikado Jewel
North of Fifty-Three
The Chinese Jar
The Expedition of Captain Flick
The Gordian Knot
The Amethyst Cross
Turbulent Tales
The Justice of the Duke
The Devil's Mistress
Morag the Seal
The Lost Parchment
Miss Hurd: An Enigma
Marked Personal
The Sealed Message
The Fascinating Stranger
Mount Desolation
The Ebony Bed Murder
Acme
Runyon from First to Last
The Purple Fern
A Matter of Millions
Doctor Izard
Their First Dinner
Risifi's Daughter
Seven Million Dollars
Jonah's Luck
In Queer Street
The Golden Lake
Collected Short Stories
The Scarlet Bat
Trusty and Well Beloved
The Indian Bangle
Presumption
The Millionaire Mystery
Shaggy's Morning
A Traitor in London
The Gates of Dawn
The White Prior
The Island of Fantasy
The Pusher-in-the-Face
The Black Carnation
A Midnight Mystery
The Yellow Hunchback
A Snobbish Story
The Curse
Three Acts of Music
Strange Sanctuary
The Lonely Church
Too Cute for Words
The Disappearing Eye
Hot and Cold Blood
The Adjuster
George
Denis Dent
The Mystery of the Nine Stars
The Thousandth Woman
The Young Guard
The Ballad of Ensign Joy
Charles Reade
The Rogue's March
The Crime Doctor
Witching Hill
At Large
The Iron Stair
Some Persons Unknown
Peccavi
Fathers of Men
Behind Closed Doors
The Camera Fiend
The Detective's Dream
Monk's Mark
Hereditary
Under Two Skies
At the Pistol's Point
The Shadow of the Rope
The Belle of Toorak
Irralie's Bushranger
Dead Men Tell No Tales
The Unbidden Guest
My Lord Duke
By Creek and Gully
The Step on the Stair
The Fever of Life
The Turnpike House
The Lady From Nowhere
Young Blood
The Boss of Taroomba
The Clock Struck One
Tiny Luttrell
The Unlawful Adventure
Stingaree
The Dagger and Cord
A Bride from the Bush
Tracked by a Tattoo
The Red Bicycle
The Spider
The Pursuits of Mr Peter Pell
Lady Jim of Curzon Street
The Flirting Fool
The Phantom Launch
Dr. Night
The Sacred Herb
Whom God Hath Joined
The Story of a Troll-Hunt
To the Minute
Find This Man
Just a Woolly
Whispering Death
The Little Grey Woman
The Five-Minute Murder
The Carson Loan Mystery
The Green Pearl
Who Killed David Condon
Saul and the Spinster
The Fortune Telling House
The League of Five
The Grays Manor Mystery
The Kahm Syndicate
The Vanishing Of Tera
The Silver Bullet
Douchard's Island
A Difficult Problem
Room Number 3
Masterpieces of Mystery
The Shadow Crook
For the Defence
Dark Hollow
Ten Australian Authors
The Murders at Madlands
The Red-Headed Man
A Stroll Around Australia
The Mayor's Wife
The Crimson Cryptogram
The Black Patch
The Chief Legatee
The Rainbow Feather
Cynthia Wakeham's Money
The Wooden Hand
The Defence of the Bride
The White Room
The Yellow Holly
The Seaside Girl
Monsieur Judas
The Amethyst Box
Seven to Twelve
The Forsaken Inn
The Sword of Damocles
A Creature of the Night
The Woman in the Alcove
The House in the Mist
Three Thousand Dollars
The Dancer in Red
Agatha Webb
Initials Only
Miss Mephistopheles
One of My Sons
Loaded Dice and Other Stories
The Camisade
The Open Door
The Gamester
The Circular Study
Lost Man's Lane
The Man with a Secret
A Pit-brow Lassie
Hand and Ring
A Strange Disappearance
Eleven Possible Cases
Chronicles Of Faeryland
The Gentleman Who Vanished
Professor Brankel's Secret
Moving Forward
The Piccadilly Puzzle
The Girl from Malta
A Son of Perdition
The Solitary Farm
The Green Mummy
The Opal Serpent
The Mandarin's Fan
The Red Window
The Dwarf's Chamber
A Coin of Edward VII
The Pagan's Cup
They See in Darkness
The Man Who Loved Lions
The Elephant Never Forgets
Put Out the Light
The First Time He Died
A Woman's Burden
Midnight House
The Lone Inn
The Bishop's Secret
The Silent House
The Huddle
The Harlequin Opal
Red Money
The Third Eye
The Third Volume
The Secret Passage
Madame Midas
Six-Gun Gorilla
Abeniki Caldwell
Newspaper Articles
Feathers Left Around
Faulkner's Folly
The Matrimonial Bureau
Christabel's Crystal
The Gordon Elopement
Deep Lake Mystery
The Vanishing of Betty Varian
The Luminous Face
The Come Back
In the Onyx Lobby
The Room With the Tassels
The Mystery of the Sycamore
The Mystery Girl
The Diamond Pin
Vicky Van
The Mark of Cain
The Curved Blades
A Chain of Evidence
Reaspberry Jam
Where's Emily
Prillilgirl
This Shining Woman
The Bride of a Moment
He She and They
The City of Sydney
Four for a Fortune
Track Athletics in Detail
Tommy Toddles
Spooky Hollow
The Adventure of the Mona Lisa
The Sealed Valley
The Pie and the Pirate
Jack Chanty
Entertaining a Prince
Ramshackle House
Anybody But Anne
A New Species
De Profundis
At the Fortunate Frog
Ghost Gleams
One Touch O' Nature
Still Waters
Bush Cobbers
Ten Puppet Plays
The Banner
The Making of Americans
Wild Harbour
The Hand of saint Ury
Matto Grosso Fury
The Rider
White Waters and Black
If Animals had Their Way
Presented Without Courtesy
A Vision of Toyokuni
Twelve Moons Cold
The Resignation of Mr. Bagsworth
Aunt Sarah's Brooch
As Far as They Had Got
Over The Straits
That's Murder
Red and Gold
A Sirius Cove
Dr. Muncing
Even the Birds of the Air
The Better Road
Herodias
Remember Caesar
Clarion Call
Three Mrs. Madderleys
Mrs. Fry Has A Visitor
Sara
The Mother Of Mase
Rahab
Leith Sands
The Staff-Room
Sweet Coz
Reckoning
Lady Charing is Cross
Doc Turner
Barnharrow
Webs of Our Weaving
The Shakespeare Murders
The Substitute
The Half-Crown Princess
The Egg of the Little Auk
Sleeping Partner
Rose of the Desert
For Value Received
By Wireless
Big Fish
An Object Lesson
A Foster Father
A Game of Billiards
The Camford Visitation
Sir Knight of the Splendid Way
The Life and Adventures of John Nicol
Death's Mannikins
Owl of Darkness
The Spectral Bride
Blood on His Hands
The Dead are Blind
The Crystal Beads Murder
Who Killed Charmian Karslake?
The Man with the Dark Beard
The Crime at Tattenham Corner
The House in Charlton Crescent
The Factory on the Cliff
The Crow's Inn Tragedy
The Abbey Court Murder
The Sheep and the Wolves
The Happy Couple
Poison Can Be Puzzling
Sinners in Paradise
The God in the Bowl
The Black Stranger
Jacqueline
The Adventures Of Tyler Tatlock
A Gilded Serpent
A Detective's Triumphs
The New New Guinea
Silvertip's Roundup
The False Rider
The Stolen Stallion
Silvertip's Trap
Silvertip's Chase
Silvertip's Strike
Canyon Walls
The Man from Mustang
The Secret of Dr Kildare
Out There
Tracked to Doom
Internes Can't Take Money
Two Darton Stories
The Follies of Youth
The Anatomy of Frustration
The Caspak Trilogy
Collected Verse
The Guide
The Man-Eater
The Horse Thief
Beltarbet's Pride
Twin Sombreros
Sunset Pass
Majesty's Rancho
Nobby on Getting Commissions
Jam for the Enemy
Scientific War
The Gilt Mask
Netta
One Blow for Russia
Saga of Halfred the Sigskald
The Scarlet Banner
Felicitas
A Struggle for Rome
A Struggle for Rome
A Struggle for Rome
Little Wars
Floor Games
The world of William Clissold
The Whisperer in Darkness
The Thing On The Doorstep
The Shadow Over Innsmouth
The Shadow Out of Time
The Nameless City
Nyarlathotep
The Haunter of the Dark
The Festival
The Dunwich Horror
The Dreams in the Witch-House
The Shunned House
The Colour Out of Space
The Call of Cthulhu
Zig-Zags at the Zoo
A Novel Without A Name
The Viper
Putting Crime Over
The Richest Widow
The Casual Murderer
The Gringos
Casey Ryan
The Handsome Young Men
Dangerous Cargo
Time Out of Mind
Trails Meet
Points West
Man in Chains
Tiger Eye
Rodeo
The Moment and Other Essays
I Recall
The Doctor Who Held Hands
The Almost Perfect Murder
Orchids to Murder
The Velvet Hand
The Under Dogs
Murty Brown
Chips and Splinters
The Duchess of Coolgardie
Madame Storey
The Money Moon
Heritage Perilous
Hands Up
The Shadows Around Us
Fiddle o' Dreams and More
Divers Vanities
Green Ginger
The Parowan Bonanza
The Flying U Strikes
Hay-Wire
Fool's Goal
Chip of the Flying U
Fires Burn Blue
Not Exactly Ghosts
The Byzantine Achievement
First Russia Then Tibet
The Station
The Road to Oxiana
Anne of Avonlea
Anne of the Island
Last Post
The Dorrington Deed Box
Adventures of Martin Hewitt
All This and Heaven Too
Chronicles of Martin Hewitt
The Green Eye of Goona
The Red Triangle
Tales of Swordfish and Tuna
Tales Of Fishing Virgin Seas
Men
Last words
Roping Lions in the Grand Canyon
Whilomville Stories
Wounds in the Rain
The O'Ruddy
Active Service
The Third Violet
The Little Regiment
Great Battles of the World
By the Black Deep
Flighty Phyllis
The Golden Pool
The Singing Bone
The Puzzle Lock
The Missing Mortgagee
The Magic Casket
Percival Bland's Proxy
John Thorndyke's Cases
Dr Thorndykes Case-Book
The Land of Gold
The Unwilling Adventurer
From a Surgeon's Diary
Knocking Round
Along the Track
Wonderful Walks in Victoria
The Silver Stream
A Message from the Flood
The Gaunt Stranger
The Pawky Scot
Shadowed Gold
By Order of the League
The Evil That Men Do
The Seven Deadly Sins
The Island of Shadows
The Path of Progress
Ambition's Slave
The Better Way
Moray the Traitor
Aunt Mary
The Rajah's Sapphire
Nightcap and Plume
Boundless Water
No Way Home
From Man to Man
The Two Carnations
Lovers' Knots
Mr. Misfortunate
Some Famous Love Letters
Crowns And Sceptres
The Man Who Held the Wires
Wax
Cheese
The Sword Decides
Fear Stalks the Village
Edgar Wallaceâ€”Each Way
Honor Bright
Step in the Dark
While She Sleeps
The Wheel Spins
The Price a Woman Pays
The Rake's Progress
Ancient Rome
The German War
Scaramouche (UK edition)
The Red Peri
The Planet of Doubt
The New Adam
The Dark Other
The Black Flame
Smothered Seas
Graph
Flight on Titan
Collected Short Fiction
The Chobham Affair
The King
The Black Rider
When the Tsar Came
The Speed Test
Yonder's Henry
Did She Fall
Birthday Present
Biltmore Oswald
The Girl Who Got There
Stories from the History of Rome
Valley of Vanishing Men
Melba: A Biography
The Roman Traitor
John Ovington Returns
Margaret of Anjou
Phalaenopsis Gloriosa
The Vanishing Trick
Mignonette
The Bat King
Genghis Khan
Peter the Great
The Lost King
The Dragon of Kao Tsu
Richard the Third
Richard the Second
Richard the First
Valerius - A Roman Story
The Soldier from Virginia
The Iblis at Ludd
The Satyricon
Salammbo
Quo Vadis
Quintus Claudius
Quintus Claudius
The Luckiest Young Man
Silanus the Christian
Neaeraâ€”A Tale of Ancient Rome
The Battling Pacifist
The Actor's Romance
So Evil My Love
The Coroner's Dilemma
The Martyr of the Catacombs
With a Dash
The Dancing Gentleman
The Tyrant
The Lion's Brood
The Siren of the Madrid
The Last Days of Pompeii
The Ninety-Ninth Thread
The Dumb Gods Speak
No Questions Asked
Hypatia
The Failure
Going
The Reaping
Sir Adam Disappeared
Album Leaf
It's a Crazy World
The Crook in Crimson
The Guv'nor and Other Stories
The Inmperfect Crime
The Lost Ambassador
In the Strongroom
Drink We Deep
Her Birthday
When the Armanic Sank
The Vampire of Wembley
The Suburban Lothario
The Spy Who Sold Death
Second Hand Death
Red Finger Spy Poison
Red Finger Meets His Match
Red Finger Death Dealer
Locked in with Death
Envoy of Doom
Death's Toy Shop
Death's Red Finger
Death Rides the Sound
Caged Horror
Venus Mines Incorporated
The Two Moons of Tranquillia
Good-bye
Richard Bruceâ€”Burglar
My Hollywood Diary
Lost in Time
No Escape from Destiny
Pyrrhus
The Man Who Shot the Favourite
The Girl who Won at Epsom
The Derby Favourite
The Caretaker in Charge
Blooming Aloes
A Raid on a Gambling Hell
Memories and Adventures
The House of the Candles
The Get-Back
The Little Dragon of Jade
Sentry No. 1
New Guinea
A Case for Angel Esquire
Nero
Romulus
Cleopatra
Darius the Great
Cyrus the Great
Xerxes
William the Conqueror
Queen Elizabeth
King Alfred of England
Charles the Second
Mary Queen of Scots
Julius Caesar
Hannibal the Carthaginian
Charles the First
Alexander the Great
The Art of Thinking
The Three Colonies of Australia
The Yellow Box
The Bravo of London
William by the Grace of God
Stranger from Smallness
History of Queensland
God Wills It
A Victor of Salamis
A Friend of Caesar
Scholar Gispies
Kitchener's Army
Grey Weather
The Trial of the Seddons
The Secret of the Moat Farm
The Murder on Yarmouth Sands
Herbert Armstrong Poisoner
The Lady and the Arsenic
Charlotte Bronte
John Walters
Jim Brent
Through the Magic Door
The Duello in France
Life on a Greenland Whaler
Juvenilia
A Lodge in the Wilderness
Empress Octavia
The Broom-Squire
The Book of Were-Wolves
Perpetua
Pabo the Priest
In the Roar of the Sea
Domitia
A Book of Ghosts
One Night in Somerset
Before Witnesses
The Death Room
The Mouthpiece
The Table
The Man who Changed his Name
Gathering Clouds
Eric
Darkness and Dawn
Army Reform
Sanctuary Island
Smoky Cell
The Green Pack
The Earl of Nowhere
Cleopatra
Serapis
Homo Sum
Cleopatra
A Thorny Path
Mr. Miller and the Kaiser
Callista
The Magnificent Ensign Smith
The Young Carthaginian
For the Temple
Beric the Briton
Zenobia
Aurelian
The Prince Of India
The Fair God
Ben-Hur
To The Lions
The Last Days of Jerusalem
The Burning of Rome
Stories from Livy
Lords of the World
The Man Who Came Back
The Education of King Peter
A Dream
The Forest of Happy Thoughts
The Poisoners
Moss Rose
The Woman from the East
The Day of Uniting
The Big Four
The Road to London
Smithy Abroad
The Sodium Lines
Antonina
The Terror and Other Stories
The Slip
The Hand of Power
Andivius Hedulio
The Unwilling Vestal
The Histories
The Annals
The Works of Julius Caesar
The Fourth Plague
The Twelve Caesars
The Aeneid
The Murder at the 'Port Helm'
Smithy and the Hun
The Limp of the Clan Chen
The House Surgeon
If--?
Number Six
The Terror
Sundry Great Gentlemen
The Million-Dollar Story
Penelope of the Polyantha
The Great Reward
Eve's Island
The Three Oak Mystery
Gospel-Truth Mortimer
The Companions of the Ace High
Down Under Donovan
The Nuptials of Corbigny
Face Cards
While the Passengers Slept
The Barford 'Snake'
The Despatch Rider
We Shall See
The Last Adventure
The Orator
The Books of Bart
Sleuth of the Air Waves
The Suicide Coterie
Flight of the Silver Eagle
The Magic Walking-Stick
The Man Called McGinnice
Christmas Eve at the China Dog
A Day with von Tirpitz
The Steward
Shorty Bill
Forbidden Lover
The River of Stars
The Thief in the Night
The Mixer
The Mystery of the Downs
The Duel on the Beach
Elegant Edward
Out of the Blue
The Cardinal Moth
Michael Cassidy
The Dinner Club
Australasiatic Reminiscences
Good Evans
More Educated Evans
Educated Evans
The Human Touch
Barbara on her Own
A Debt Discharged
The Lady of Little Hell
The Lady Called Nita
The Black and Other Stories
Four-Square Jane
The Lieutenant and Others
Mrs. William Jonesâ€”and Bill
Men Women and Guns
Tam's Air Taxi
Killer Kay and Other Stories
The Island of Terror
The Fighting Scouts
Thermodynamics
Smithy
Smithy
Nobby
The Missing Million
The Melody of Death
The Green Ribbon
The Black Abbot
The Golden Hades
The Undisclosed Client
The Flying Fifty-Five
Vultures' Sanctuary
Golden Hope Christmas
Drums of the Sunset
The Rocklitz
Sergeant Sir Peter
They Dine in Darkness
The Little Walking Corpses
The Hound of Hell
The Corpse Factory
Terror Beneath the Streets
Satan's Handmaiden
Satan's Bedchamber
One Night of Terror
Monster at Play
Midnight Fangs
Madman's Bride
Girl of the Goat God
Death's Mistress
Death Lands a Cargo
Bride of the Winged Terror
The Green Ray
The Strange Countess
The Vanishing American
Revels for the Lusting Dead
Priestess of Murder
Lair of the Snake Girl
Death's Cold Arms
Death Lives in Our House
The Dead Remember
Thirst of the Damned
Satan's Scalpel
Riverfront Horror
Crawling Madness
Chains of the Living Dead
Geographical Memoirs on NSW
The Carnival of Florence
The Black Swan
The Enchanted Bluff
When Love Went Mad!
The Man Who Would Not Die
Thirst of the Living Dead
Collected Juvenilia
House of Living Death
Four Tales of Terror
Red Blades of Black Cathay
Knife-River Prodigal
A Ring-Tailed Tornado
A Man-Eating Jeopard
Red Lion and Blue Star
Strange Detective Stories
Black Hound of Death
The Crime of Laura Sarelle
The Stalking-Horse
The Challenge from Beyond
My Lady Bountiful
Bellarion The Fortunate
Dig Me No Grave
A Moment's Madness
The Riot of Bucksnort
Gents on the Lynch
A Gent from the Pecos
Three Tales of the Ring
Swords of Shahrazar
Brethren of the Main
Five-Star Frameup
The Lonely Bride
The Dream
Cimmeria - A Poem
World Brain
What is Coming
Washington and the Hope of Peace
War and the Future
Utopias
This Misery of Boots
The War That Will End War
The Open Conspiracy
The Salvaging of Civilization
The Future in America
The Fate of Man
The Elements of Reconstruction
The Discovery of the Future
The Common Sense of War and Peace
Socialism and the Family
New Worlds for Old
Marxism vs. Liberalism
Mankind in the Making
In the Fourth Year
God the Invisible King
First and Last Things
Experiment in Autobiography
Crux Ansata
Certain Personal Matters
A Year of Prophesying
Anticipations
An Englishman Looks at the World
The Idea of a League of Nations
The Wheels of Chance
The Undying Fire
The Soul of a Bishop
The Secret Places of the Heart
The Research Magnificent
The Passionate Friends
You Can't Be Too Careful
The Wife of Sir Isaac Harman
The New Machiavelli
The King Who was a King
The History of Mr Polly
Mr. Britling Sees it Through
Meanwhile
Marriage
Love and Mr Lewisham
Joan and Peter
The Brothers
Boon
Bealby: A Holiday
Babes in the Darkling Woods
King in Prussia
The World Set Free
The Wonderful Visit
The War in the Air
When the Sleeper Awakes
The Sleeper Awakes
Chivalry
A Modern Utopia
The Sea Lady
In the Days of the Comet
The Food of the Gods
The First Men in the Moon
Jan in India
Ah
The Poisoners
Sixteen in Nome
Silvertip's Search
The Devil Light
The Black Grippe
The Whispering Outlaw
The Mustang Herder
The Mountain Fugitive
The Lightning Warrior
Red Devil of the Range
Marbleface
The Quest of Lee Garrison
The Terrible People
The Nuptials of Corbal
The Tomb of Ts'in
The Red Bandanna
Soft Metal
His Name His Fortune
The Tenderfoot
Gunman's Gold
Aunt Beardie
The Marriage of Meldrum Strange
Wild Freedom
Way of the Lawless
Trailin'
The Rangeland Avenger
The Long Long Trail
Silvertip
The Garden of Eden
Riders of the Silences
Harrigan
Donnegan
Bull Hunter
Black Jack
Alcatraz
Acres of Unrest
Valley Thieves
The Seventh Man
The Untamed
The Ten-Foot Chain
The Moon Pool
The Metal Monster
When Old Gods Wake
The White Road
The Last Poet and the Robots
Collected Short Stories
The Mask of Midas
The Man with the Scales
The Secret of the League
Kai Lung Unrolls His Mat
Twelve Tales
An African Millionaire
Hilda Wade
Miss Cayley's Adventures
Paul Ferroll
Five Hundred Carats
The Star Chamber
Rookwood
Preston Fight
Ovingdean Grange
Guy Fawkes
The Revenge of the Robot
The Metal Monster
The Malignant Entity
Spawn of the Comet
A Vision of Venus
The Ebony Stick
General Crack
The Swordsman of Mars
The Harper's Stories
Fifty Candles
Inside the Lines
Love Insurance
Seven Keys to Baldpate
Nell Gwyn
Cambric Tea
Stuffing
The Passionate Year
Magic
The Appetite of Tyranny
The Barbarism of Berlin
The Flying Inn
Mary Queen of Scots
The Dawn of Reckoning
The White Pillars Murder
The Well and the Shallows
Call from Hell
The Song of the Cakes
The Revolt of the Machines
The Death-Cloud
When the Sleepers Woke
The Great Dome of Mercury
Collected Stories Vol. II
Defender of the Faith
The Avenger Collection
Twelve Types
Tremendous Trifles
Manalive
The Reporter and Other Stories
The Adventures of Heine
Kate Plus Ten
The Admirable Carfew
Tomb of Torture
The Terror's Trademark
The Eyes of Durga
Taking No Chances
Satan's Scalpel
Paid in Slugs
Considine Laughs
Secret Agent X
With Swag and Billy
The Angel of the Assassination
The Defendant
Varied Types
Ben Hamed
Greybeards at Play
What's Wrong with the World
The Ball and the Cross
Orthodoxy
Eugenics and Other Evils
Autobiography
Heretics
A Miscellany of Men
All Things Considered
Alarms and Discursions
The Turnstile
Miranda of the Balcony
Ferriby
Collected Short Stories Vol. XV
Collected Short Stories Vol. XI
Collected Short Stories Vol. X
Collected Short Stories Vol. IX
Collected Short Stories Vol. VI
Collected Short Stories Vol. V
Early Tasmania
The Golden Violet
The Missing Note
The Third Estate
The Leopard and the Lily
The Governor of England
An Economic History of Australia
Sword of Gimshai
Sargasso of Lost Safaris
Venetian Masque
The Gates of Doom
The Banner of the Bull
The King's Minion
The Hounds of God
The Debate Continues
Kings-at-Arms
God's Playthings
Julia Roseingrave
Pictures of Travel
Landlopers
The Watchers
The Truants
The Four Corners of The World
Parson Kelly
Lawrence Clavering
Green Stockings
A Romance of Wastdale
No Other Tiger
Wreck of the Sydney Cove in 1797
The Dean's Elbow
Gleanings: 1910-1914
Purple Pirate
The Prison Breakers
The Edgar Wallace Reader
Fighting Snub Reilly
The Burning Glass
Gleanings: 1903-1909
Full Moon
The Man from Poonch
Tennyson
Thackeray
Robert Louis Stevenson
Chaucer
Up the Ladder of Gold
Witness for the Defence
The Summons
The Philanderers
The Broken Road
Running Water
Clementina
Selected Short Stories
They Wouldn't be Chessmen
The Discovery of Bass Strait
Selected Short Stories
Queen Cleopatra
A Soldier and a Gentleman
Thomas Carlyle
John Burnet of Barns
Journal and Letters
Robert Browning
George Bernard Shaw
Montrose: A History
A Lost Lady of Old Years
The Soul of a Regiment
The Pillar Of Light
Making 10000 Pounds
Kitty Burns Her Fingers
MacHassan Ah
The Middle Way
Poems and Dicta
Hookum Hai
For the Salt he had Eaten
The Thunder Dragon Gate
Mr. Mirakel
Moses and Mrs Aintree
A Secret Society
The Lost Trooper
The Interloper
Murder at the Pageant
The White Drake
The Way of Stars
The Voyage of the Endeavour
The Discovery of Australia
The Grassleyes Mystery
The Golden Beast
The Court of St. Simon
The Man Without Nerves
Lachlan Macquarie
Australian Discovery by Land
Australian Discovery by Sea
Sir Quixote of the Moors
Simple Peter Cradd
Walter Sickert: A Conversation
The Cave Girl
Looking Backward
Who Travels Alone
False Evidence
The World's Great Snare
The Glenlitten Murder
The Lady of Ascot
Those Folk of Bulboro'
The Feathered Serpent
The Double
The Kingdom of Earth
Private Selby
The Squeaker
Silinskiâ€”Master Criminal
The Nine Bears
Double Dan
Seventy-three Short Stories
Earliest Writing
Passers-by
The Seven Conundrums
Crooks in the Sunshine
The Way of These Women
For the Queen
The Passionate Quest
Those Other Days
The Lion and the Lamb
A Daughter of Astrea
The Pool of Memory
Mr. Billingham
Jennerton and Co
Clowns and Criminals
Michael's Evil Deeds
A Sleeping Memory
Advice Ltd
Grey Timothy
The Yellow Crayon
The Wicked Marquis
The Master Mummer
The Malefactor
The Betrayal
A Monk of Cruta
Anna the Adventuress
The Vanished Messenger
A Maker of History
The Traitors
The Profiteers
The New Tenant
The Moving Finger
The Missioner
The Mischief-Maker
The Lighted Way
The Hillman
The Illustrious Prince
The Great Secret
The Great Prince Shan
The Governors
The Evil Shepherd
The Double Traitor
Peter Ruff
The Double Four
The Cinema Murder
The Devil's Paw
The Black Box
The Lost World
Sir Walter Scott
The War in South Africa
The Great Boer War
The Crime of the Congo
A Visit to Three Fronts
A Glimpse of the Army
The Trial of Oscar Slater
Papuan Pictures
Picturesque New Guinea
Papua or British New Guinea
Mr. Marx's Secret
Mysterious Mr. Sabin
Nobody's Man
The Pawns Count
Karma
Jeanne of the Marshes
Jacob's Ladder
Crossed Swords
Art Critics
Challenge
Knock-out
The Watcher by the Threshold
Icky of Oluk Lake
The World Next Door
The Witness
The Waterwitch
The Vital Spot
The Unexpected
The Throat of the Wolf
The Sword of Justice
The Superman
The Real Dramatic Touch
The Northern Light
A Captious Critic
The Midnight Call
The Man Who Got Through
The Luck of the Game
The Emsdam Dispatches
A Masked Battery
The Lonely Furrow
The Language of Flowers
The Heart of an Anarchist
The Fourth Man
The Eye of the Camera
The Lesson The Ants Taught
The Desert Ship
The Dawnstar
The Charlatan
The Buff Gauntlet
The Broken Trail
The Broken Lute
The Balance Of Nature
The Apple-Green Plate
The Thirty-Seventh Month
Sub Rosa
Second In The Field
Photo By Lesterre
Pearls of Price
Forget-Me-Not
One Foggy Night
Not on the Records
Nerves
Made in England
Love in Aether
Full Fathoms Deep
Below Zero
A Single Hair
The Salmon Poachers
The Last Drive
A Record Round
Applied Mechanics
A Place in the Sun
A Parrot Cry
An Ally
A Matter Of Habit
A Question Of Money
A Garden Of Pearls
One Of The Old Guard
A Draught Of Life
After Reynolds
A Dose Of Quinine
A Corner In Elephants
According To The Statute
A Bit Of Egypt
Out of Season
Mere Details
The Unpremeditated Curtain
Drops of Water
A Stranger in Bohemia
A Liberal Education
A Matter of Kindness
The Two Bon-Bons
The Long Arm of Bronze
The First Stone
Blind Chance
A Thrilling Exit
The Onus Of The Charge
The Night Express
The Great White Moth
The Fire Bugs
General Marcos
Crysoline Limited
Redburn Castle
The Cradlestone Oil Mills
The Death Of The President
The Rosy Cross
Cleopatra's Robe
The Silverpool Cup
At Windsor
The Head Of The Caesars
Three of Them
The Courage of Despair
The Almedi Concession
In The Express
By Woman's Wit
Found
The Price Of Silence
The Midnight Guest
This England: Studies of Today
Spain
Red Pages from Tsardom
Reports From the Boer War
A King by Night
The House on the Island
A Popular Novelist
Damon Runyon Omnibus
Slade
On the Iron at Big Cloud
Pawned
Christowell
The Maid of Sker
The Night Operator
The Romantic Prince
Free and Other Stories
The Impudence of Youth
The Sin that was His
Bones of the River
The Passenger from Scotland Yard
Letters to a Young Woman
Anglo-Karen Dictionary
A Self-Made Thief
Edgar Wallace by Himself
Bulldog Drummond
Thomas Mitchell
A Scots Quair
Mother Goose Rhymes
Stories of the Foreign Legion
Killed At Resaca
The White Cliffs
The War with the Newts
Beau Sabreur
Pharos the Egyptian
The First Discovery of Australia
Beau Geste
Shorter Poems
The Sinister Man
The People of the River
The Man who Bought London
The Face in the Night
The Avenger
The Survivor
The Way of the Spirit
Creative English
Fact'ry 'Ands
Benno and Some of the Push
Collected Stories
Four Faultless Felons
The Moon Men
Tarzan the Magnificent
Tarzan the Invincible
Land of Terror
The Lad and the Lion
The Girl From Hollywood
West Australian Orchids
White Narcissus
Skin O' My Tooth
The Road Away from Revolution
Isles of Fear
Niels Lyhne
Views and Reviews
Pirates of Venus
Lost on Venus
Escape on Venus
Carson of Venus
Australian Discovery
Dr Nikola's Experiment
Cass Timberlane

a
Base de dados carregada com sucesso
The Opal Pin
Trail Smoke
The Red Ledger
Never Again
Corporal Bob
Coogan's Last Run
The Whispering Lane
Leathermouth
More Lives than One
Chaffee of Roaring Horse
A Voyage to New South Wales
The Vanity Case
The Feudists
The Soul of Countess Adrian
The Knot Garden
Child of Chequer'd Fortune
The Wedding Chest Mystery
The Charteris Mystery
A Rider of the High Mesa
Collected Short Stories
The Skeleton at the Feast
The Doorstep Murders
The White Witch
The Tapestry Room Murder
Who Killed Caldwell
Christianity and Morals
Crime Tears On
Murder Will In
The Crime in the Crypt
The Bronze Hand
Good Marriage and Other Stories
The Daughter of the House
Action by Night
The Broken O
The Silver Desert
The Omnibus Fleming Stone
Murder in the Bookshop
Sleeping Dogs
Canyon Passage
A Point of Testimony
The Tall House Mystery
The Furthest Fury
The Beautiful Derelict
Wheels Within Wheels
Scarecrow
The Affair at Flower Acres
Bugles in the Afternoon
The Border Trumpet
Rethinking Athenian Democracy
Mystery at the Rectory
Big Brother and Other Stories
Long Storm
The Winds of Chance
Rainbow's End
The Auction Block
The Craig Poisoning Mystery
Starlight Rider
The Clifford Affair
The Footsteps that Stopped
The Iron Trail
The Cluny Problem
The Eames-Erskine Case
The Vengeance of Durand
Jaragu and the Lost Islands
The Net
Settlers and Convicts
The Ne'er-Do-Well
The Great Sioux Festival
Man in the Saddle
Flowing Gold
Woman in Ambush
Jaragu of the Jungle
The Barrier
Pardners
Infallibility
The Silver Horde
Alder Gulch
Too Fat to Fight
Going Some
The King of No-Land
The Black Coat
The Electric Gun
The Noble Lord
The Emu's Head
The Land of Wherisit
The Looting of Alaska
The Sixth Thing
The Alster Case
Trouble Shooter
The Ranch on the Beaver
The Spoilers
When I Lived in Bohemia
What Doth It Profit
My Only Murder
The Voyage of the Pulo Way
Across Papua
A Voice from the Fog
Riddles Read
Found and Fettered
Riders West
The Lady Ermetta
The Phantom Woman
The Hole in the Glass
The Garden in Asia
The Blackmailer
The Stolen Treasure
Saddle and Ride
The Cuneiform Inscription
The Bradmoor Murder
Dust
The Specimen Case
Head of the Mountain
The Adventurers
The Earthbreakers
Murder on the Frontier
Sundown Jim
Letters from Christopher
Stampede
Folded Hills
Ranchero
The Long Rifle
The Outlet
Whispering Range
Blizzard Camp
Dead Man Range
The Year of Miracle
Rim of the Desert
Laughing Bill Hyde
Oh
The Pink Shop
The Peacock of Jewels
The Mikado Jewel
North of Fifty-Three
The Chinese Jar
The Expedition of Captain Flick
The Gordian Knot
The Amethyst Cross
Turbulent Tales
The Justice of the Duke
The Devil's Mistress
Morag the Seal
The Lost Parchment
Miss Hurd: An Enigma
Marked Personal
The Sealed Message
The Fascinating Stranger
Mount Desolation
The Ebony Bed Murder
Acme
Runyon from First to Last
The Purple Fern
A Matter of Millions
Doctor Izard
Their First Dinner
Risifi's Daughter
Seven Million Dollars
Jonah's Luck
In Queer Street
The Golden Lake
Collected Short Stories
The Scarlet Bat
Trusty and Well Beloved
The Indian Bangle
Presumption
The Millionaire Mystery
Shaggy's Morning
A Traitor in London
The Gates of Dawn
The White Prior
The Island of Fantasy
The Pusher-in-the-Face
The Black Carnation
A Midnight Mystery
The Yellow Hunchback
A Snobbish Story
The Curse
Three Acts of Music
Strange Sanctuary
The Lonely Church
Too Cute for Words
The Disappearing Eye
Hot and Cold Blood
The Adjuster
George
Denis Dent
The Mystery of the Nine Stars
The Thousandth Woman
The Young Guard
The Ballad of Ensign Joy
Charles Reade
The Rogue's March
The Crime Doctor
Witching Hill
At Large
The Iron Stair
Some Persons Unknown
Peccavi
Fathers of Men
Behind Closed Doors
The Camera Fiend
The Detective's Dream
Monk's Mark
Hereditary
Under Two Skies
At the Pistol's Point
The Shadow of the Rope
The Belle of Toorak
Irralie's Bushranger
Dead Men Tell No Tales
The Unbidden Guest
My Lord Duke
By Creek and Gully
The Step on the Stair
The Fever of Life
The Turnpike House
The Lady From Nowhere
Young Blood
The Boss of Taroomba
The Clock Struck One
Tiny Luttrell
The Unlawful Adventure
Stingaree
The Dagger and Cord
A Bride from the Bush
Tracked by a Tattoo
The Red Bicycle
The Spider
The Pursuits of Mr Peter Pell
Lady Jim of Curzon Street
The Flirting Fool
The Phantom Launch
Dr. Night
The Sacred Herb
Whom God Hath Joined
The Story of a Troll-Hunt
To the Minute
Find This Man
Just a Woolly
Whispering Death
The Little Grey Woman
The Five-Minute Murder
The Carson Loan Mystery
The Green Pearl
Who Killed David Condon
Saul and the Spinster
The Fortune Telling House
The League of Five
The Grays Manor Mystery
The Kahm Syndicate
The Vanishing Of Tera
The Silver Bullet
Douchard's Island
A Difficult Problem
Room Number 3
Masterpieces of Mystery
The Shadow Crook
For the Defence
Dark Hollow
Ten Australian Authors
The Murders at Madlands
The Red-Headed Man
A Stroll Around Australia
The Mayor's Wife
The Crimson Cryptogram
The Black Patch
The Chief Legatee
The Rainbow Feather
Cynthia Wakeham's Money
The Wooden Hand
The Defence of the Bride
The White Room
The Yellow Holly
The Seaside Girl
Monsieur Judas
The Amethyst Box
Seven to Twelve
The Forsaken Inn
The Sword of Damocles
A Creature of the Night
The Woman in the Alcove
The House in the Mist
Three Thousand Dollars
The Dancer in Red
Agatha Webb
Initials Only
Miss Mephistopheles
One of My Sons
Loaded Dice and Other Stories
The Camisade
The Open Door
The Gamester
The Circular Study
Lost Man's Lane
The Man with a Secret
A Pit-brow Lassie
Hand and Ring
A Strange Disappearance
Eleven Possible Cases
Chronicles Of Faeryland
The Gentleman Who Vanished
Professor Brankel's Secret
Moving Forward
The Piccadilly Puzzle
The Girl from Malta
A Son of Perdition
The Solitary Farm
The Green Mummy
The Opal Serpent
The Mandarin's Fan
The Red Window
The Dwarf's Chamber
A Coin of Edward VII
The Pagan's Cup
They See in Darkness
The Man Who Loved Lions
The Elephant Never Forgets
Put Out the Light
The First Time He Died
A Woman's Burden
Midnight House
The Lone Inn
The Bishop's Secret
The Silent House
The Huddle
The Harlequin Opal
Red Money
The Third Eye
The Third Volume
The Secret Passage
Madame Midas
Six-Gun Gorilla
Abeniki Caldwell
Newspaper Articles
Feathers Left Around
Faulkner's Folly
The Matrimonial Bureau
Christabel's Crystal
The Gordon Elopement
Deep Lake Mystery
The Vanishing of Betty Varian
The Luminous Face
The Come Back
In the Onyx Lobby
The Room With the Tassels
The Mystery of the Sycamore
The Mystery Girl
The Diamond Pin
Vicky Van
The Mark of Cain
The Curved Blades
A Chain of Evidence
Reaspberry Jam
Where's Emily
Prillilgirl
This Shining Woman
The Bride of a Moment
He She and They
The City of Sydney
Four for a Fortune
Track Athletics in Detail
Tommy Toddles
Spooky Hollow
The Adventure of the Mona Lisa
The Sealed Valley
The Pie and the Pirate
Jack Chanty
Entertaining a Prince
Ramshackle House
Anybody But Anne
A New Species
De Profundis
At the Fortunate Frog
Ghost Gleams
One Touch O' Nature
Still Waters
Bush Cobbers
Ten Puppet Plays
The Banner
The Making of Americans
Wild Harbour
The Hand of saint Ury
Matto Grosso Fury
The Rider
White Waters and Black
If Animals had Their Way
Presented Without Courtesy
A Vision of Toyokuni
Twelve Moons Cold
The Resignation of Mr. Bagsworth
Aunt Sarah's Brooch
As Far as They Had Got
Over The Straits
That's Murder
Red and Gold
A Sirius Cove
Dr. Muncing
Even the Birds of the Air
The Better Road
Herodias
Remember Caesar
Clarion Call
Three Mrs. Madderleys
Mrs. Fry Has A Visitor
Sara
The Mother Of Mase
Rahab
Leith Sands
The Staff-Room
Sweet Coz
Reckoning
Lady Charing is Cross
Doc Turner
Barnharrow
Webs of Our Weaving
The Shakespeare Murders
The Substitute
The Half-Crown Princess
The Egg of the Little Auk
Sleeping Partner
Rose of the Desert
For Value Received
By Wireless
Big Fish
An Object Lesson
A Foster Father
A Game of Billiards
The Camford Visitation
Sir Knight of the Splendid Way
The Life and Adventures of John Nicol
Death's Mannikins
Owl of Darkness
The Spectral Bride
Blood on His Hands
The Dead are Blind
The Crystal Beads Murder
Who Killed Charmian Karslake?
The Man with the Dark Beard
The Crime at Tattenham Corner
The House in Charlton Crescent
The Factory on the Cliff
The Crow's Inn Tragedy
The Abbey Court Murder
The Sheep and the Wolves
The Happy Couple
Poison Can Be Puzzling
Sinners in Paradise
The God in the Bowl
The Black Stranger
Jacqueline
The Adventures Of Tyler Tatlock
A Gilded Serpent
A Detective's Triumphs
The New New Guinea
Silvertip's Roundup
The False Rider
The Stolen Stallion
Silvertip's Trap
Silvertip's Chase
Silvertip's Strike
Canyon Walls
The Man from Mustang
The Secret of Dr Kildare
Out There
Tracked to Doom
Internes Can't Take Money
Two Darton Stories
The Follies of Youth
The Anatomy of Frustration
The Caspak Trilogy
Collected Verse
The Guide
The Man-Eater
The Horse Thief
Beltarbet's Pride
Twin Sombreros
Sunset Pass
Majesty's Rancho
Nobby on Getting Commissions
Jam for the Enemy
Scientific War
The Gilt Mask
Netta
One Blow for Russia
Saga of Halfred the Sigskald
The Scarlet Banner
Felicitas
A Struggle for Rome
A Struggle for Rome
A Struggle for Rome
Little Wars
Floor Games
The world of William Clissold
The Whisperer in Darkness
The Thing On The Doorstep
The Shadow Over Innsmouth
The Shadow Out of Time
The Nameless City
Nyarlathotep
The Haunter of the Dark
The Festival
The Dunwich Horror
The Dreams in the Witch-House
The Shunned House
The Colour Out of Space
The Call of Cthulhu
Zig-Zags at the Zoo
A Novel Without A Name
The Viper
Putting Crime Over
The Richest Widow
The Casual Murderer
The Gringos
Casey Ryan
The Handsome Young Men
Dangerous Cargo
Time Out of Mind
Trails Meet
Points West
Man in Chains
Tiger Eye
Rodeo
The Moment and Other Essays
I Recall
The Doctor Who Held Hands
The Almost Perfect Murder
Orchids to Murder
The Velvet Hand
The Under Dogs
Murty Brown
Chips and Splinters
The Duchess of Coolgardie
Madame Storey
The Money Moon
Heritage Perilous
Hands Up
The Shadows Around Us
Fiddle o' Dreams and More
Divers Vanities
Green Ginger
The Parowan Bonanza
The Flying U Strikes
Hay-Wire
Fool's Goal
Chip of the Flying U
Fires Burn Blue
Not Exactly Ghosts
The Byzantine Achievement
First Russia Then Tibet
The Station
The Road to Oxiana
Anne of Avonlea
Anne of the Island
Last Post
The Dorrington Deed Box
Adventures of Martin Hewitt
All This and Heaven Too
Chronicles of Martin Hewitt
The Green Eye of Goona
The Red Triangle
Tales of Swordfish and Tuna
Tales Of Fishing Virgin Seas
Men
Last words
Roping Lions in the Grand Canyon
Whilomville Stories
Wounds in the Rain
The O'Ruddy
Active Service
The Third Violet
The Little Regiment
Great Battles of the World
By the Black Deep
Flighty Phyllis
The Golden Pool
The Singing Bone
The Puzzle Lock
The Missing Mortgagee
The Magic Casket
Percival Bland's Proxy
John Thorndyke's Cases
Dr Thorndykes Case-Book
The Land of Gold
The Unwilling Adventurer
From a Surgeon's Diary
Knocking Round
Along the Track
Wonderful Walks in Victoria
The Silver Stream
A Message from the Flood
The Gaunt Stranger
The Pawky Scot
Shadowed Gold
By Order of the League
The Evil That Men Do
The Seven Deadly Sins
The Island of Shadows
The Path of Progress
Ambition's Slave
The Better Way
Moray the Traitor
Aunt Mary
The Rajah's Sapphire
Nightcap and Plume
Boundless Water
No Way Home
From Man to Man
The Two Carnations
Lovers' Knots
Mr. Misfortunate
Some Famous Love Letters
Crowns And Sceptres
The Man Who Held the Wires
Wax
Cheese
The Sword Decides
Fear Stalks the Village
Edgar Wallaceâ€”Each Way
Honor Bright
Step in the Dark
While She Sleeps
The Wheel Spins
The Price a Woman Pays
The Rake's Progress
Ancient Rome
The German War
Scaramouche (UK edition)
The Red Peri
The Planet of Doubt
The New Adam
The Dark Other
The Black Flame
Smothered Seas
Graph
Flight on Titan
Collected Short Fiction
The Chobham Affair
The King
The Black Rider
When the Tsar Came
The Speed Test
Yonder's Henry
Did She Fall
Birthday Present
Biltmore Oswald
The Girl Who Got There
Stories from the History of Rome
Valley of Vanishing Men
Melba: A Biography
The Roman Traitor
John Ovington Returns
Margaret of Anjou
Phalaenopsis Gloriosa
The Vanishing Trick
Mignonette
The Bat King
Genghis Khan
Peter the Great
The Lost King
The Dragon of Kao Tsu
Richard the Third
Richard the Second
Richard the First
Valerius - A Roman Story
The Soldier from Virginia
The Iblis at Ludd
The Satyricon
Salammbo
Quo Vadis
Quintus Claudius
Quintus Claudius
The Luckiest Young Man
Silanus the Christian
Neaeraâ€”A Tale of Ancient Rome
The Battling Pacifist
The Actor's Romance
So Evil My Love
The Coroner's Dilemma
The Martyr of the Catacombs
With a Dash
The Dancing Gentleman
The Tyrant
The Lion's Brood
The Siren of the Madrid
The Last Days of Pompeii
The Ninety-Ninth Thread
The Dumb Gods Speak
No Questions Asked
Hypatia
The Failure
Going
The Reaping
Sir Adam Disappeared
Album Leaf
It's a Crazy World
The Crook in Crimson
The Guv'nor and Other Stories
The Inmperfect Crime
The Lost Ambassador
In the Strongroom
Drink We Deep
Her Birthday
When the Armanic Sank
The Vampire of Wembley
The Suburban Lothario
The Spy Who Sold Death
Second Hand Death
Red Finger Spy Poison
Red Finger Meets His Match
Red Finger Death Dealer
Locked in with Death
Envoy of Doom
Death's Toy Shop
Death's Red Finger
Death Rides the Sound
Caged Horror
Venus Mines Incorporated
The Two Moons of Tranquillia
Good-bye
Richard Bruceâ€”Burglar
My Hollywood Diary
Lost in Time
No Escape from Destiny
Pyrrhus
The Man Who Shot the Favourite
The Girl who Won at Epsom
The Derby Favourite
The Caretaker in Charge
Blooming Aloes
A Raid on a Gambling Hell
Memories and Adventures
The House of the Candles
The Get-Back
The Little Dragon of Jade
Sentry No. 1
New Guinea
A Case for Angel Esquire
Nero
Romulus
Cleopatra
Darius the Great
Cyrus the Great
Xerxes
William the Conqueror
Queen Elizabeth
King Alfred of England
Charles the Second
Mary Queen of Scots
Julius Caesar
Hannibal the Carthaginian
Charles the First
Alexander the Great
The Art of Thinking
The Three Colonies of Australia
The Yellow Box
The Bravo of London
William by the Grace of God
Stranger from Smallness
History of Queensland
God Wills It
A Victor of Salamis
A Friend of Caesar
Scholar Gispies
Kitchener's Army
Grey Weather
The Trial of the Seddons
The Secret of the Moat Farm
The Murder on Yarmouth Sands
Herbert Armstrong Poisoner
The Lady and the Arsenic
Charlotte Bronte
John Walters
Jim Brent
Through the Magic Door
The Duello in France
Life on a Greenland Whaler
Juvenilia
A Lodge in the Wilderness
Empress Octavia
The Broom-Squire
The Book of Were-Wolves
Perpetua
Pabo the Priest
In the Roar of the Sea
Domitia
A Book of Ghosts
One Night in Somerset
Before Witnesses
The Death Room
The Mouthpiece
The Table
The Man who Changed his Name
Gathering Clouds
Eric
Darkness and Dawn
Army Reform
Sanctuary Island
Smoky Cell
The Green Pack
The Earl of Nowhere
Cleopatra
Serapis
Homo Sum
Cleopatra
A Thorny Path
Mr. Miller and the Kaiser
Callista
The Magnificent Ensign Smith
The Young Carthaginian
For the Temple
Beric the Briton
Zenobia
Aurelian
The Prince Of India
The Fair God
Ben-Hur
To The Lions
The Last Days of Jerusalem
The Burning of Rome
Stories from Livy
Lords of the World
The Man Who Came Back
The Education of King Peter
A Dream
The Forest of Happy Thoughts
The Poisoners
Moss Rose
The Woman from the East
The Day of Uniting
The Big Four
The Road to London
Smithy Abroad
The Sodium Lines
Antonina
The Terror and Other Stories
The Slip
The Hand of Power
Andivius Hedulio
The Unwilling Vestal
The Histories
The Annals
The Works of Julius Caesar
The Fourth Plague
The Twelve Caesars
The Aeneid
The Murder at the 'Port Helm'
Smithy and the Hun
The Limp of the Clan Chen
The House Surgeon
If--?
Number Six
The Terror
Sundry Great Gentlemen
The Million-Dollar Story
Penelope of the Polyantha
The Great Reward
Eve's Island
The Three Oak Mystery
Gospel-Truth Mortimer
The Companions of the Ace High
Down Under Donovan
The Nuptials of Corbigny
Face Cards
While the Passengers Slept
The Barford 'Snake'
The Despatch Rider
We Shall See
The Last Adventure
The Orator
The Books of Bart
Sleuth of the Air Waves
The Suicide Coterie
Flight of the Silver Eagle
The Magic Walking-Stick
The Man Called McGinnice
Christmas Eve at the China Dog
A Day with von Tirpitz
The Steward
Shorty Bill
Forbidden Lover
The River of Stars
The Thief in the Night
The Mixer
The Mystery of the Downs
The Duel on the Beach
Elegant Edward
Out of the Blue
The Cardinal Moth
Michael Cassidy
The Dinner Club
Australasiatic Reminiscences
Good Evans
More Educated Evans
Educated Evans
The Human Touch
Barbara on her Own
A Debt Discharged
The Lady of Little Hell
The Lady Called Nita
The Black and Other Stories
Four-Square Jane
The Lieutenant and Others
Mrs. William Jonesâ€”and Bill
Men Women and Guns
Tam's Air Taxi
Killer Kay and Other Stories
The Island of Terror
The Fighting Scouts
Thermodynamics
Smithy
Smithy
Nobby
The Missing Million
The Melody of Death
The Green Ribbon
The Black Abbot
The Golden Hades
The Undisclosed Client
The Flying Fifty-Five
Vultures' Sanctuary
Golden Hope Christmas
Drums of the Sunset
The Rocklitz
Sergeant Sir Peter
They Dine in Darkness
The Little Walking Corpses
The Hound of Hell
The Corpse Factory
Terror Beneath the Streets
Satan's Handmaiden
Satan's Bedchamber
One Night of Terror
Monster at Play
Midnight Fangs
Madman's Bride
Girl of the Goat God
Death's Mistress
Death Lands a Cargo
Bride of the Winged Terror
The Green Ray
The Strange Countess
The Vanishing American
Revels for the Lusting Dead
Priestess of Murder
Lair of the Snake Girl
Death's Cold Arms
Death Lives in Our House
The Dead Remember
Thirst of the Damned
Satan's Scalpel
Riverfront Horror
Crawling Madness
Chains of the Living Dead
Geographical Memoirs on NSW
The Carnival of Florence
The Black Swan
The Enchanted Bluff
When Love Went Mad!
The Man Who Would Not Die
Thirst of the Living Dead
Collected Juvenilia
House of Living Death
Four Tales of Terror
Red Blades of Black Cathay
Knife-River Prodigal
A Ring-Tailed Tornado
A Man-Eating Jeopard
Red Lion and Blue Star
Strange Detective Stories
Black Hound of Death
The Crime of Laura Sarelle
The Stalking-Horse
The Challenge from Beyond
My Lady Bountiful
Bellarion The Fortunate
Dig Me No Grave
A Moment's Madness
The Riot of Bucksnort
Gents on the Lynch
A Gent from the Pecos
Three Tales of the Ring
Swords of Shahrazar
Brethren of the Main
Five-Star Frameup
The Lonely Bride
The Dream
Cimmeria - A Poem
World Brain
What is Coming
Washington and the Hope of Peace
War and the Future
Utopias
This Misery of Boots
The War That Will End War
The Open Conspiracy
The Salvaging of Civilization
The Future in America
The Fate of Man
The Elements of Reconstruction
The Discovery of the Future
The Common Sense of War and Peace
Socialism and the Family
New Worlds for Old
Marxism vs. Liberalism
Mankind in the Making
In the Fourth Year
God the Invisible King
First and Last Things
Experiment in Autobiography
Crux Ansata
Certain Personal Matters
A Year of Prophesying
Anticipations
An Englishman Looks at the World
The Idea of a League of Nations
The Wheels of Chance
The Undying Fire
The Soul of a Bishop
The Secret Places of the Heart
The Research Magnificent
The Passionate Friends
You Can't Be Too Careful
The Wife of Sir Isaac Harman
The New Machiavelli
The King Who was a King
The History of Mr Polly
Mr. Britling Sees it Through
Meanwhile
Marriage
Love and Mr Lewisham
Joan and Peter
The Brothers
Boon
Bealby: A Holiday
Babes in the Darkling Woods
King in Prussia
The World Set Free
The Wonderful Visit
The War in the Air
When the Sleeper Awakes
The Sleeper Awakes
Chivalry
A Modern Utopia
The Sea Lady
In the Days of the Comet
The Food of the Gods
The First Men in the Moon
Jan in India
Ah
The Poisoners
Sixteen in Nome
Silvertip's Search
The Devil Light
The Black Grippe
The Whispering Outlaw
The Mustang Herder
The Mountain Fugitive
The Lightning Warrior
Red Devil of the Range
Marbleface
The Quest of Lee Garrison
The Terrible People
The Nuptials of Corbal
The Tomb of Ts'in
The Red Bandanna
Soft Metal
His Name His Fortune
The Tenderfoot
Gunman's Gold
Aunt Beardie
The Marriage of Meldrum Strange
Wild Freedom
Way of the Lawless
Trailin'
The Rangeland Avenger
The Long Long Trail
Silvertip
The Garden of Eden
Riders of the Silences
Harrigan
Donnegan
Bull Hunter
Black Jack
Alcatraz
Acres of Unrest
Valley Thieves
The Seventh Man
The Untamed
The Ten-Foot Chain
The Moon Pool
The Metal Monster
When Old Gods Wake
The White Road
The Last Poet and the Robots
Collected Short Stories
The Mask of Midas
The Man with the Scales
The Secret of the League
Kai Lung Unrolls His Mat
Twelve Tales
An African Millionaire
Hilda Wade
Miss Cayley's Adventures
Paul Ferroll
Five Hundred Carats
The Star Chamber
Rookwood
Preston Fight
Ovingdean Grange
Guy Fawkes
The Revenge of the Robot
The Metal Monster
The Malignant Entity
Spawn of the Comet
A Vision of Venus
The Ebony Stick
General Crack
The Swordsman of Mars
The Harper's Stories
Fifty Candles
Inside the Lines
Love Insurance
Seven Keys to Baldpate
Nell Gwyn
Cambric Tea
Stuffing
The Passionate Year
Magic
The Appetite of Tyranny
The Barbarism of Berlin
The Flying Inn
Mary Queen of Scots
The Dawn of Reckoning
The White Pillars Murder
The Well and the Shallows
Call from Hell
The Song of the Cakes
The Revolt of the Machines
The Death-Cloud
When the Sleepers Woke
The Great Dome of Mercury
Collected Stories Vol. II
Defender of the Faith
The Avenger Collection
Twelve Types
Tremendous Trifles
Manalive
The Reporter and Other Stories
The Adventures of Heine
Kate Plus Ten
The Admirable Carfew
Tomb of Torture
The Terror's Trademark
The Eyes of Durga
Taking No Chances
Satan's Scalpel
Paid in Slugs
Considine Laughs
Secret Agent X
With Swag and Billy
The Angel of the Assassination
The Defendant
Varied Types
Ben Hamed
Greybeards at Play
What's Wrong with the World
The Ball and the Cross
Orthodoxy
Eugenics and Other Evils
Autobiography
Heretics
A Miscellany of Men
All Things Considered
Alarms and Discursions
The Turnstile
Miranda of the Balcony
Ferriby
Collected Short Stories Vol. XV
Collected Short Stories Vol. XI
Collected Short Stories Vol. X
Collected Short Stories Vol. IX
Collected Short Stories Vol. VI
Collected Short Stories Vol. V
Early Tasmania
The Golden Violet
The Missing Note
The Third Estate
The Leopard and the Lily
The Governor of England
An Economic History of Australia
Sword of Gimshai
Sargasso of Lost Safaris
Venetian Masque
The Gates of Doom
The Banner of the Bull
The King's Minion
The Hounds of God
The Debate Continues
Kings-at-Arms
God's Playthings
Julia Roseingrave
Pictures of Travel
Landlopers
The Watchers
The Truants
The Four Corners of The World
Parson Kelly
Lawrence Clavering
Green Stockings
A Romance of Wastdale
No Other Tiger
Wreck of the Sydney Cove in 1797
The Dean's Elbow
Gleanings: 1910-1914
Purple Pirate
The Prison Breakers
The Edgar Wallace Reader
Fighting Snub Reilly
The Burning Glass
Gleanings: 1903-1909
Full Moon
The Man from Poonch
Tennyson
Thackeray
Robert Louis Stevenson
Chaucer
Up the Ladder of Gold
Witness for the Defence
The Summons
The Philanderers
The Broken Road
Running Water
Clementina
Selected Short Stories
They Wouldn't be Chessmen
The Discovery of Bass Strait
Selected Short Stories
Queen Cleopatra
A Soldier and a Gentleman
Thomas Carlyle
John Burnet of Barns
Journal and Letters
Robert Browning
George Bernard Shaw
Montrose: A History
A Lost Lady of Old Years
The Soul of a Regiment
The Pillar Of Light
Making 10000 Pounds
Kitty Burns Her Fingers
MacHassan Ah
The Middle Way
Poems and Dicta
Hookum Hai
For the Salt he had Eaten
The Thunder Dragon Gate
Mr. Mirakel
Moses and Mrs Aintree
A Secret Society
The Lost Trooper
The Interloper
Murder at the Pageant
The White Drake
The Way of Stars
The Voyage of the Endeavour
The Discovery of Australia
The Grassleyes Mystery
The Golden Beast
The Court of St. Simon
The Man Without Nerves
Lachlan Macquarie
Australian Discovery by Land
Australian Discovery by Sea
Sir Quixote of the Moors
Simple Peter Cradd
Walter Sickert: A Conversation
The Cave Girl
Looking Backward
Who Travels Alone
False Evidence
The World's Great Snare
The Glenlitten Murder
The Lady of Ascot
Those Folk of Bulboro'
The Feathered Serpent
The Double
The Kingdom of Earth
Private Selby
The Squeaker
Silinskiâ€”Master Criminal
The Nine Bears
Double Dan
Seventy-three Short Stories
Earliest Writing
Passers-by
The Seven Conundrums
Crooks in the Sunshine
The Way of These Women
For the Queen
The Passionate Quest
Those Other Days
The Lion and the Lamb
A Daughter of Astrea
The Pool of Memory
Mr. Billingham
Jennerton and Co
Clowns and Criminals
Michael's Evil Deeds
A Sleeping Memory
Advice Ltd
Grey Timothy
The Yellow Crayon
The Wicked Marquis
The Master Mummer
The Malefactor
The Betrayal
A Monk of Cruta
Anna the Adventuress
The Vanished Messenger
A Maker of History
The Traitors
The Profiteers
The New Tenant
The Moving Finger
The Missioner
The Mischief-Maker
The Lighted Way
The Hillman
The Illustrious Prince
The Great Secret
The Great Prince Shan
The Governors
The Evil Shepherd
The Double Traitor
Peter Ruff
The Double Four
The Cinema Murder
The Devil's Paw
The Black Box
The Lost World
Sir Walter Scott
The War in South Africa
The Great Boer War
The Crime of the Congo
A Visit to Three Fronts
A Glimpse of the Army
The Trial of Oscar Slater
Papuan Pictures
Picturesque New Guinea
Papua or British New Guinea
Mr. Marx's Secret
Mysterious Mr. Sabin
Nobody's Man
The Pawns Count
Karma
Jeanne of the Marshes
Jacob's Ladder
Crossed Swords
Art Critics
Challenge
Knock-out
The Watcher by the Threshold
Icky of Oluk Lake
The World Next Door
The Witness
The Waterwitch
The Vital Spot
The Unexpected
The Throat of the Wolf
The Sword of Justice
The Superman
The Real Dramatic Touch
The Northern Light
A Captious Critic
The Midnight Call
The Man Who Got Through
The Luck of the Game
The Emsdam Dispatches
A Masked Battery
The Lonely Furrow
The Language of Flowers
The Heart of an Anarchist
The Fourth Man
The Eye of the Camera
The Lesson The Ants Taught
The Desert Ship
The Dawnstar
The Charlatan
The Buff Gauntlet
The Broken Trail
The Broken Lute
The Balance Of Nature
The Apple-Green Plate
The Thirty-Seventh Month
Sub Rosa
Second In The Field
Photo By Lesterre
Pearls of Price
Forget-Me-Not
One Foggy Night
Not on the Records
Nerves
Made in England
Love in Aether
Full Fathoms Deep
Below Zero
A Single Hair
The Salmon Poachers
The Last Drive
A Record Round
Applied Mechanics
A Place in the Sun
A Parrot Cry
An Ally
A Matter Of Habit
A Question Of Money
A Garden Of Pearls
One Of The Old Guard
A Draught Of Life
After Reynolds
A Dose Of Quinine
A Corner In Elephants
According To The Statute
A Bit Of Egypt
Out of Season
Mere Details
The Unpremeditated Curtain
Drops of Water
A Stranger in Bohemia
A Liberal Education
A Matter of Kindness
The Two Bon-Bons
The Long Arm of Bronze
The First Stone
Blind Chance
A Thrilling Exit
The Onus Of The Charge
The Night Express
The Great White Moth
The Fire Bugs
General Marcos
Crysoline Limited
Redburn Castle
The Cradlestone Oil Mills
The Death Of The President
The Rosy Cross
Cleopatra's Robe
The Silverpool Cup
At Windsor
The Head Of The Caesars
Three of Them
The Courage of Despair
The Almedi Concession
In The Express
By Woman's Wit
Found
The Price Of Silence
The Midnight Guest
This England: Studies of Today
Spain
Red Pages from Tsardom
Reports From the Boer War
A King by Night
The House on the Island
A Popular Novelist
Damon Runyon Omnibus
Slade
On the Iron at Big Cloud
Pawned
Christowell
The Maid of Sker
The Night Operator
The Romantic Prince
Free and Other Stories
The Impudence of Youth
The Sin that was His
Bones of the River
The Passenger from Scotland Yard
Letters to a Young Woman
Anglo-Karen Dictionary
A Self-Made Thief
Edgar Wallace by Himself
Bulldog Drummond
Thomas Mitchell
A Scots Quair
Mother Goose Rhymes
Stories of the Foreign Legion
Killed At Resaca
The White Cliffs
The War with the Newts
Beau Sabreur
Pharos the Egyptian
The First Discovery of Australia
Beau Geste
Shorter Poems
The Sinister Man
The People of the River
The Man who Bought London
The Face in the Night
The Avenger
The Survivor
The Way of the Spirit
Creative English
Fact'ry 'Ands
Benno and Some of the Push
Collected Stories
Four Faultless Felons
The Moon Men
Tarzan the Magnificent
Tarzan the Invincible
Land of Terror
The Lad and the Lion
The Girl From Hollywood
West Australian Orchids
White Narcissus
Skin O' My Tooth
The Road Away from Revolution
Isles of Fear
Niels Lyhne
Views and Reviews
Pirates of Venus
Lost on Venus
Escape on Venus
Carson of Venus
Australian Discovery
Dr Nikola's Experiment
Cass Timberlane

a
Base de dados carregada com sucesso
The Opal Pin
Trail Smoke
The Red Ledger
Never Again
Corporal Bob
Coogan's Last Run
The Whispering Lane
Leathermouth
More Lives than One
Chaffee of Roaring Horse
A Voyage to New South Wales
The Vanity Case
The Feudists
The Soul of Countess Adrian
The Knot Garden
Child of Chequer'd Fortune
The Wedding Chest Mystery
The Charteris Mystery
A Rider of the High Mesa
Collected Short Stories
The Skeleton at the Feast
The Doorstep Murders
The White Witch
The Tapestry Room Murder
Who Killed Caldwell
Christianity and Morals
Crime Tears On
Murder Will In
The Crime in the Crypt
The Bronze Hand
Good Marriage and Other Stories
The Daughter of the House
Action by Night
The Broken O
The Silver Desert
The Omnibus Fleming Stone
Murder in the Bookshop
Sleeping Dogs
Canyon Passage
A Point of Testimony
The Tall House Mystery
The Furthest Fury
The Beautiful Derelict
Wheels Within Wheels
Scarecrow
The Affair at Flower Acres
Bugles in the Afternoon
The Border Trumpet
Rethinking Athenian Democracy
Mystery at the Rectory
Big Brother and Other Stories
Long Storm
The Winds of Chance
Rainbow's End
The Auction Block
The Craig Poisoning Mystery
Starlight Rider
The Clifford Affair
The Footsteps that Stopped
The Iron Trail
The Cluny Problem
The Eames-Erskine Case
The Vengeance of Durand
Jaragu and the Lost Islands
The Net
Settlers and Convicts
The Ne'er-Do-Well
The Great Sioux Festival
Man in the Saddle
Flowing Gold
Woman in Ambush
Jaragu of the Jungle
The Barrier
Pardners
Infallibility
The Silver Horde
Alder Gulch
Too Fat to Fight
Going Some
The King of No-Land
The Black Coat
The Electric Gun
The Noble Lord
The Emu's Head
The Land of Wherisit
The Looting of Alaska
The Sixth Thing
The Alster Case
Trouble Shooter
The Ranch on the Beaver
The Spoilers
When I Lived in Bohemia
What Doth It Profit
My Only Murder
The Voyage of the Pulo Way
Across Papua
A Voice from the Fog
Riddles Read
Found and Fettered
Riders West
The Lady Ermetta
The Phantom Woman
The Hole in the Glass
The Garden in Asia
The Blackmailer
The Stolen Treasure
Saddle and Ride
The Cuneiform Inscription
The Bradmoor Murder
Dust
The Specimen Case
Head of the Mountain
The Adventurers
The Earthbreakers
Murder on the Frontier
Sundown Jim
Letters from Christopher
Stampede
Folded Hills
Ranchero
The Long Rifle
The Outlet
Whispering Range
Blizzard Camp
Dead Man Range
The Year of Miracle
Rim of the Desert
Laughing Bill Hyde
Oh
The Pink Shop
The Peacock of Jewels
The Mikado Jewel
North of Fifty-Three
The Chinese Jar
The Expedition of Captain Flick
The Gordian Knot
The Amethyst Cross
Turbulent Tales
The Justice of the Duke
The Devil's Mistress
Morag the Seal
The Lost Parchment
Miss Hurd: An Enigma
Marked Personal
The Sealed Message
The Fascinating Stranger
Mount Desolation
The Ebony Bed Murder
Acme
Runyon from First to Last
The Purple Fern
A Matter of Millions
Doctor Izard
Their First Dinner
Risifi's Daughter
Seven Million Dollars
Jonah's Luck
In Queer Street
The Golden Lake
Collected Short Stories
The Scarlet Bat
Trusty and Well Beloved
The Indian Bangle
Presumption
The Millionaire Mystery
Shaggy's Morning
A Traitor in London
The Gates of Dawn
The White Prior
The Island of Fantasy
The Pusher-in-the-Face
The Black Carnation
A Midnight Mystery
The Yellow Hunchback
A Snobbish Story
The Curse
Three Acts of Music
Strange Sanctuary
The Lonely Church
Too Cute for Words
The Disappearing Eye
Hot and Cold Blood
The Adjuster
George
Denis Dent
The Mystery of the Nine Stars
The Thousandth Woman
The Young Guard
The Ballad of Ensign Joy
Charles Reade
The Rogue's March
The Crime Doctor
Witching Hill
At Large
The Iron Stair
Some Persons Unknown
Peccavi
Fathers of Men
Behind Closed Doors
The Camera Fiend
The Detective's Dream
Monk's Mark
Hereditary
Under Two Skies
At the Pistol's Point
The Shadow of the Rope
The Belle of Toorak
Irralie's Bushranger
Dead Men Tell No Tales
The Unbidden Guest
My Lord Duke
By Creek and Gully
The Step on the Stair
The Fever of Life
The Turnpike House
The Lady From Nowhere
Young Blood
The Boss of Taroomba
The Clock Struck One
Tiny Luttrell
The Unlawful Adventure
Stingaree
The Dagger and Cord
A Bride from the Bush
Tracked by a Tattoo
The Red Bicycle
The Spider
The Pursuits of Mr Peter Pell
Lady Jim of Curzon Street
The Flirting Fool
The Phantom Launch
Dr. Night
The Sacred Herb
Whom God Hath Joined
The Story of a Troll-Hunt
To the Minute
Find This Man
Just a Woolly
Whispering Death
The Little Grey Woman
The Five-Minute Murder
The Carson Loan Mystery
The Green Pearl
Who Killed David Condon
Saul and the Spinster
The Fortune Telling House
The League of Five
The Grays Manor Mystery
The Kahm Syndicate
The Vanishing Of Tera
The Silver Bullet
Douchard's Island
A Difficult Problem
Room Number 3
Masterpieces of Mystery
The Shadow Crook
For the Defence
Dark Hollow
Ten Australian Authors
The Murders at Madlands
The Red-Headed Man
A Stroll Around Australia
The Mayor's Wife
The Crimson Cryptogram
The Black Patch
The Chief Legatee
The Rainbow Feather
Cynthia Wakeham's Money
The Wooden Hand
The Defence of the Bride
The White Room
The Yellow Holly
The Seaside Girl
Monsieur Judas
The Amethyst Box
Seven to Twelve
The Forsaken Inn
The Sword of Damocles
A Creature of the Night
The Woman in the Alcove
The House in the Mist
Three Thousand Dollars
The Dancer in Red
Agatha Webb
Initials Only
Miss Mephistopheles
One of My Sons
Loaded Dice and Other Stories
The Camisade
The Open Door
The Gamester
The Circular Study
Lost Man's Lane
The Man with a Secret
A Pit-brow Lassie
Hand and Ring
A Strange Disappearance
Eleven Possible Cases
Chronicles Of Faeryland
The Gentleman Who Vanished
Professor Brankel's Secret
Moving Forward
The Piccadilly Puzzle
The Girl from Malta
A Son of Perdition
The Solitary Farm
The Green Mummy
The Opal Serpent
The Mandarin's Fan
The Red Window
The Dwarf's Chamber
A Coin of Edward VII
The Pagan's Cup
They See in Darkness
The Man Who Loved Lions
The Elephant Never Forgets
Put Out the Light
The First Time He Died
A Woman's Burden
Midnight House
The Lone Inn
The Bishop's Secret
The Silent House
The Huddle
The Harlequin Opal
Red Money
The Third Eye
The Third Volume
The Secret Passage
Madame Midas
Six-Gun Gorilla
Abeniki Caldwell
Newspaper Articles
Feathers Left Around
Faulkner's Folly
The Matrimonial Bureau
Christabel's Crystal
The Gordon Elopement
Deep Lake Mystery
The Vanishing of Betty Varian
The Luminous Face
The Come Back
In the Onyx Lobby
The Room With the Tassels
The Mystery of the Sycamore
The Mystery Girl
The Diamond Pin
Vicky Van
The Mark of Cain
The Curved Blades
A Chain of Evidence
Reaspberry Jam
Where's Emily
Prillilgirl
This Shining Woman
The Bride of a Moment
He She and They
The City of Sydney
Four for a Fortune
Track Athletics in Detail
Tommy Toddles
Spooky Hollow
The Adventure of the Mona Lisa
The Sealed Valley
The Pie and the Pirate
Jack Chanty
Entertaining a Prince
Ramshackle House
Anybody But Anne
A New Species
De Profundis
At the Fortunate Frog
Ghost Gleams
One Touch O' Nature
Still Waters
Bush Cobbers
Ten Puppet Plays
The Banner
The Making of Americans
Wild Harbour
The Hand of saint Ury
Matto Grosso Fury
The Rider
White Waters and Black
If Animals had Their Way
Presented Without Courtesy
A Vision of Toyokuni
Twelve Moons Cold
The Resignation of Mr. Bagsworth
Aunt Sarah's Brooch
As Far as They Had Got
Over The Straits
That's Murder
Red and Gold
A Sirius Cove
Dr. Muncing
Even the Birds of the Air
The Better Road
Herodias
Remember Caesar
Clarion Call
Three Mrs. Madderleys
Mrs. Fry Has A Visitor
Sara
The Mother Of Mase
Rahab
Leith Sands
The Staff-Room
Sweet Coz
Reckoning
Lady Charing is Cross
Doc Turner
Barnharrow
Webs of Our Weaving
The Shakespeare Murders
The Substitute
The Half-Crown Princess
The Egg of the Little Auk
Sleeping Partner
Rose of the Desert
For Value Received
By Wireless
Big Fish
An Object Lesson
A Foster Father
A Game of Billiards
The Camford Visitation
Sir Knight of the Splendid Way
The Life and Adventures of John Nicol
Death's Mannikins
Owl of Darkness
The Spectral Bride
Blood on His Hands
The Dead are Blind
The Crystal Beads Murder
Who Killed Charmian Karslake?
The Man with the Dark Beard
The Crime at Tattenham Corner
The House in Charlton Crescent
The Factory on the Cliff
The Crow's Inn Tragedy
The Abbey Court Murder
The Sheep and the Wolves
The Happy Couple
Poison Can Be Puzzling
Sinners in Paradise
The God in the Bowl
The Black Stranger
Jacqueline
The Adventures Of Tyler Tatlock
A Gilded Serpent
A Detective's Triumphs
The New New Guinea
Silvertip's Roundup
The False Rider
The Stolen Stallion
Silvertip's Trap
Silvertip's Chase
Silvertip's Strike
Canyon Walls
The Man from Mustang
The Secret of Dr Kildare
Out There
Tracked to Doom
Internes Can't Take Money
Two Darton Stories
The Follies of Youth
The Anatomy of Frustration
The Caspak Trilogy
Collected Verse
The Guide
The Man-Eater
The Horse Thief
Beltarbet's Pride
Twin Sombreros
Sunset Pass
Majesty's Rancho
Nobby on Getting Commissions
Jam for the Enemy
Scientific War
The Gilt Mask
Netta
One Blow for Russia
Saga of Halfred the Sigskald
The Scarlet Banner
Felicitas
A Struggle for Rome
A Struggle for Rome
A Struggle for Rome
Little Wars
Floor Games
The world of William Clissold
The Whisperer in Darkness
The Thing On The Doorstep
The Shadow Over Innsmouth
The Shadow Out of Time
The Nameless City
Nyarlathotep
The Haunter of the Dark
The Festival
The Dunwich Horror
The Dreams in the Witch-House
The Shunned House
The Colour Out of Space
The Call of Cthulhu
Zig-Zags at the Zoo
A Novel Without A Name
The Viper
Putting Crime Over
The Richest Widow
The Casual Murderer
The Gringos
Casey Ryan
The Handsome Young Men
Dangerous Cargo
Time Out of Mind
Trails Meet
Points West
Man in Chains
Tiger Eye
Rodeo
The Moment and Other Essays
I Recall
The Doctor Who Held Hands
The Almost Perfect Murder
Orchids to Murder
The Velvet Hand
The Under Dogs
Murty Brown
Chips and Splinters
The Duchess of Coolgardie
Madame Storey
The Money Moon
Heritage Perilous
Hands Up
The Shadows Around Us
Fiddle o' Dreams and More
Divers Vanities
Green Ginger
The Parowan Bonanza
The Flying U Strikes
Hay-Wire
Fool's Goal
Chip of the Flying U
Fires Burn Blue
Not Exactly Ghosts
The Byzantine Achievement
First Russia Then Tibet
The Station
The Road to Oxiana
Anne of Avonlea
Anne of the Island
Last Post
The Dorrington Deed Box
Adventures of Martin Hewitt
All This and Heaven Too
Chronicles of Martin Hewitt
The Green Eye of Goona
The Red Triangle
Tales of Swordfish and Tuna
Tales Of Fishing Virgin Seas
Men
Last words
Roping Lions in the Grand Canyon
Whilomville Stories
Wounds in the Rain
The O'Ruddy
Active Service
The Third Violet
The Little Regiment
Great Battles of the World
By the Black Deep
Flighty Phyllis
The Golden Pool
The Singing Bone
The Puzzle Lock
The Missing Mortgagee
The Magic Casket
Percival Bland's Proxy
John Thorndyke's Cases
Dr Thorndykes Case-Book
The Land of Gold
The Unwilling Adventurer
From a Surgeon's Diary
Knocking Round
Along the Track
Wonderful Walks in Victoria
The Silver Stream
A Message from the Flood
The Gaunt Stranger
The Pawky Scot
Shadowed Gold
By Order of the League
The Evil That Men Do
The Seven Deadly Sins
The Island of Shadows
The Path of Progress
Ambition's Slave
The Better Way
Moray the Traitor
Aunt Mary
The Rajah's Sapphire
Nightcap and Plume
Boundless Water
No Way Home
From Man to Man
The Two Carnations
Lovers' Knots
Mr. Misfortunate
Some Famous Love Letters
Crowns And Sceptres
The Man Who Held the Wires
Wax
Cheese
The Sword Decides
Fear Stalks the Village
Edgar Wallaceâ€”Each Way
Honor Bright
Step in the Dark
While She Sleeps
The Wheel Spins
The Price a Woman Pays
The Rake's Progress
Ancient Rome
The German War
Scaramouche (UK edition)
The Red Peri
The Planet of Doubt
The New Adam
The Dark Other
The Black Flame
Smothered Seas
Graph
Flight on Titan
Collected Short Fiction
The Chobham Affair
The King
The Black Rider
When the Tsar Came
The Speed Test
Yonder's Henry
Did She Fall
Birthday Present
Biltmore Oswald
The Girl Who Got There
Stories from the History of Rome
Valley of Vanishing Men
Melba: A Biography
The Roman Traitor
John Ovington Returns
Margaret of Anjou
Phalaenopsis Gloriosa
The Vanishing Trick
Mignonette
The Bat King
Genghis Khan
Peter the Great
The Lost King
The Dragon of Kao Tsu
Richard the Third
Richard the Second
Richard the First
Valerius - A Roman Story
The Soldier from Virginia
The Iblis at Ludd
The Satyricon
Salammbo
Quo Vadis
Quintus Claudius
Quintus Claudius
The Luckiest Young Man
Silanus the Christian
Neaeraâ€”A Tale of Ancient Rome
The Battling Pacifist
The Actor's Romance
So Evil My Love
The Coroner's Dilemma
The Martyr of the Catacombs
With a Dash
The Dancing Gentleman
The Tyrant
The Lion's Brood
The Siren of the Madrid
The Last Days of Pompeii
The Ninety-Ninth Thread
The Dumb Gods Speak
No Questions Asked
Hypatia
The Failure
Going
The Reaping
Sir Adam Disappeared
Album Leaf
It's a Crazy World
The Crook in Crimson
The Guv'nor and Other Stories
The Inmperfect Crime
The Lost Ambassador
In the Strongroom
Drink We Deep
Her Birthday
When the Armanic Sank
The Vampire of Wembley
The Suburban Lothario
The Spy Who Sold Death
Second Hand Death
Red Finger Spy Poison
Red Finger Meets His Match
Red Finger Death Dealer
Locked in with Death
Envoy of Doom
Death's Toy Shop
Death's Red Finger
Death Rides the Sound
Caged Horror
Venus Mines Incorporated
The Two Moons of Tranquillia
Good-bye
Richard Bruceâ€”Burglar
My Hollywood Diary
Lost in Time
No Escape from Destiny
Pyrrhus
The Man Who Shot the Favourite
The Girl who Won at Epsom
The Derby Favourite
The Caretaker in Charge
Blooming Aloes
A Raid on a Gambling Hell
Memories and Adventures
The House of the Candles
The Get-Back
The Little Dragon of Jade
Sentry No. 1
New Guinea
A Case for Angel Esquire
Nero
Romulus
Cleopatra
Darius the Great
Cyrus the Great
Xerxes
William the Conqueror
Queen Elizabeth
King Alfred of England
Charles the Second
Mary Queen of Scots
Julius Caesar
Hannibal the Carthaginian
Charles the First
Alexander the Great
The Art of Thinking
The Three Colonies of Australia
The Yellow Box
The Bravo of London
William by the Grace of God
Stranger from Smallness
History of Queensland
God Wills It
A Victor of Salamis
A Friend of Caesar
Scholar Gispies
Kitchener's Army
Grey Weather
The Trial of the Seddons
The Secret of the Moat Farm
The Murder on Yarmouth Sands
Herbert Armstrong Poisoner
The Lady and the Arsenic
Charlotte Bronte
John Walters
Jim Brent
Through the Magic Door
The Duello in France
Life on a Greenland Whaler
Juvenilia
A Lodge in the Wilderness
Empress Octavia
The Broom-Squire
The Book of Were-Wolves
Perpetua
Pabo the Priest
In the Roar of the Sea
Domitia
A Book of Ghosts
One Night in Somerset
Before Witnesses
The Death Room
The Mouthpiece
The Table
The Man who Changed his Name
Gathering Clouds
Eric
Darkness and Dawn
Army Reform
Sanctuary Island
Smoky Cell
The Green Pack
The Earl of Nowhere
Cleopatra
Serapis
Homo Sum
Cleopatra
A Thorny Path
Mr. Miller and the Kaiser
Callista
The Magnificent Ensign Smith
The Young Carthaginian
For the Temple
Beric the Briton
Zenobia
Aurelian
The Prince Of India
The Fair God
Ben-Hur
To The Lions
The Last Days of Jerusalem
The Burning of Rome
Stories from Livy
Lords of the World
The Man Who Came Back
The Education of King Peter
A Dream
The Forest of Happy Thoughts
The Poisoners
Moss Rose
The Woman from the East
The Day of Uniting
The Big Four
The Road to London
Smithy Abroad
The Sodium Lines
Antonina
The Terror and Other Stories
The Slip
The Hand of Power
Andivius Hedulio
The Unwilling Vestal
The Histories
The Annals
The Works of Julius Caesar
The Fourth Plague
The Twelve Caesars
The Aeneid
The Murder at the 'Port Helm'
Smithy and the Hun
The Limp of the Clan Chen
The House Surgeon
If--?
Number Six
The Terror
Sundry Great Gentlemen
The Million-Dollar Story
Penelope of the Polyantha
The Great Reward
Eve's Island
The Three Oak Mystery
Gospel-Truth Mortimer
The Companions of the Ace High
Down Under Donovan
The Nuptials of Corbigny
Face Cards
While the Passengers Slept
The Barford 'Snake'
The Despatch Rider
We Shall See
The Last Adventure
The Orator
The Books of Bart
Sleuth of the Air Waves
The Suicide Coterie
Flight of the Silver Eagle
The Magic Walking-Stick
The Man Called McGinnice
Christmas Eve at the China Dog
A Day with von Tirpitz
The Steward
Shorty Bill
Forbidden Lover
The River of Stars
The Thief in the Night
The Mixer
The Mystery of the Downs
The Duel on the Beach
Elegant Edward
Out of the Blue
The Cardinal Moth
Michael Cassidy
The Dinner Club
Australasiatic Reminiscences
Good Evans
More Educated Evans
Educated Evans
The Human Touch
Barbara on her Own
A Debt Discharged
The Lady of Little Hell
The Lady Called Nita
The Black and Other Stories
Four-Square Jane
The Lieutenant and Others
Mrs. William Jonesâ€”and Bill
Men Women and Guns
Tam's Air Taxi
Killer Kay and Other Stories
The Island of Terror
The Fighting Scouts
Thermodynamics
Smithy
Smithy
Nobby
The Missing Million
The Melody of Death
The Green Ribbon
The Black Abbot
The Golden Hades
The Undisclosed Client
The Flying Fifty-Five
Vultures' Sanctuary
Golden Hope Christmas
Drums of the Sunset
The Rocklitz
Sergeant Sir Peter
They Dine in Darkness
The Little Walking Corpses
The Hound of Hell
The Corpse Factory
Terror Beneath the Streets
Satan's Handmaiden
Satan's Bedchamber
One Night of Terror
Monster at Play
Midnight Fangs
Madman's Bride
Girl of the Goat God
Death's Mistress
Death Lands a Cargo
Bride of the Winged Terror
The Green Ray
The Strange Countess
The Vanishing American
Revels for the Lusting Dead
Priestess of Murder
Lair of the Snake Girl
Death's Cold Arms
Death Lives in Our House
The Dead Remember
Thirst of the Damned
Satan's Scalpel
Riverfront Horror
Crawling Madness
Chains of the Living Dead
Geographical Memoirs on NSW
The Carnival of Florence
The Black Swan
The Enchanted Bluff
When Love Went Mad!
The Man Who Would Not Die
Thirst of the Living Dead
Collected Juvenilia
House of Living Death
Four Tales of Terror
Red Blades of Black Cathay
Knife-River Prodigal
A Ring-Tailed Tornado
A Man-Eating Jeopard
Red Lion and Blue Star
Strange Detective Stories
Black Hound of Death
The Crime of Laura Sarelle
The Stalking-Horse
The Challenge from Beyond
My Lady Bountiful
Bellarion The Fortunate
Dig Me No Grave
A Moment's Madness
The Riot of Bucksnort
Gents on the Lynch
A Gent from the Pecos
Three Tales of the Ring
Swords of Shahrazar
Brethren of the Main
Five-Star Frameup
The Lonely Bride
The Dream
Cimmeria - A Poem
World Brain
What is Coming
Washington and the Hope of Peace
War and the Future
Utopias
This Misery of Boots
The War That Will End War
The Open Conspiracy
The Salvaging of Civilization
The Future in America
The Fate of Man
The Elements of Reconstruction
The Discovery of the Future
The Common Sense of War and Peace
Socialism and the Family
New Worlds for Old
Marxism vs. Liberalism
Mankind in the Making
In the Fourth Year
God the Invisible King
First and Last Things
Experiment in Autobiography
Crux Ansata
Certain Personal Matters
A Year of Prophesying
Anticipations
An Englishman Looks at the World
The Idea of a League of Nations
The Wheels of Chance
The Undying Fire
The Soul of a Bishop
The Secret Places of the Heart
The Research Magnificent
The Passionate Friends
You Can't Be Too Careful
The Wife of Sir Isaac Harman
The New Machiavelli
The King Who was a King
The History of Mr Polly
Mr. Britling Sees it Through
Meanwhile
Marriage
Love and Mr Lewisham
Joan and Peter
The Brothers
Boon
Bealby: A Holiday
Babes in the Darkling Woods
King in Prussia
The World Set Free
The Wonderful Visit
The War in the Air
When the Sleeper Awakes
The Sleeper Awakes
Chivalry
A Modern Utopia
The Sea Lady
In the Days of the Comet
The Food of the Gods
The First Men in the Moon
Jan in India
Ah
The Poisoners
Sixteen in Nome
Silvertip's Search
The Devil Light
The Black Grippe
The Whispering Outlaw
The Mustang Herder
The Mountain Fugitive
The Lightning Warrior
Red Devil of the Range
Marbleface
The Quest of Lee Garrison
The Terrible People
The Nuptials of Corbal
The Tomb of Ts'in
The Red Bandanna
Soft Metal
His Name His Fortune
The Tenderfoot
Gunman's Gold
Aunt Beardie
The Marriage of Meldrum Strange
Wild Freedom
Way of the Lawless
Trailin'
The Rangeland Avenger
The Long Long Trail
Silvertip
The Garden of Eden
Riders of the Silences
Harrigan
Donnegan
Bull Hunter
Black Jack
Alcatraz
Acres of Unrest
Valley Thieves
The Seventh Man
The Untamed
The Ten-Foot Chain
The Moon Pool
The Metal Monster
When Old Gods Wake
The White Road
The Last Poet and the Robots
Collected Short Stories
The Mask of Midas
The Man with the Scales
The Secret of the League
Kai Lung Unrolls His Mat
Twelve Tales
An African Millionaire
Hilda Wade
Miss Cayley's Adventures
Paul Ferroll
Five Hundred Carats
The Star Chamber
Rookwood
Preston Fight
Ovingdean Grange
Guy Fawkes
The Revenge of the Robot
The Metal Monster
The Malignant Entity
Spawn of the Comet
A Vision of Venus
The Ebony Stick
General Crack
The Swordsman of Mars
The Harper's Stories
Fifty Candles
Inside the Lines
Love Insurance
Seven Keys to Baldpate
Nell Gwyn
Cambric Tea
Stuffing
The Passionate Year
Magic
The Appetite of Tyranny
The Barbarism of Berlin
The Flying Inn
Mary Queen of Scots
The Dawn of Reckoning
The White Pillars Murder
The Well and the Shallows
Call from Hell
The Song of the Cakes
The Revolt of the Machines
The Death-Cloud
When the Sleepers Woke
The Great Dome of Mercury
Collected Stories Vol. II
Defender of the Faith
The Avenger Collection
Twelve Types
Tremendous Trifles
Manalive
The Reporter and Other Stories
The Adventures of Heine
Kate Plus Ten
The Admirable Carfew
Tomb of Torture
The Terror's Trademark
The Eyes of Durga
Taking No Chances
Satan's Scalpel
Paid in Slugs
Considine Laughs
Secret Agent X
With Swag and Billy
The Angel of the Assassination
The Defendant
Varied Types
Ben Hamed
Greybeards at Play
What's Wrong with the World
The Ball and the Cross
Orthodoxy
Eugenics and Other Evils
Autobiography
Heretics
[...]
The Anatomy of Frustration
The Caspak Trilogy
Collected Verse
The Guide
The Man-Eater
The Horse Thief
Beltarbet's Pride
Twin Sombreros
Sunset Pass
Majesty's Rancho
Nobby on Getting Commissions
Jam for the Enemy
Scientific War
The Gilt Mask
Netta
One Blow for Russia
Saga of Halfred the Sigskald
The Scarlet Banner
Felicitas
A Struggle for Rome
A Struggle for Rome
A Struggle for Rome
Little Wars
Floor Games
The world of William Clissold
The Whisperer in Darkness
The Thing On The Doorstep
The Shadow Over Innsmouth
The Shadow Out of Time
The Nameless City
Nyarlathotep
The Haunter of the Dark
The Festival
The Dunwich Horror
The Dreams in the Witch-House
The Shunned House
The Colour Out of Space
The Call of Cthulhu
Zig-Zags at the Zoo
A Novel Without A Name
The Viper
Putting Crime Over
The Richest Widow
The Casual Murderer
The Gringos
Casey Ryan
The Handsome Young Men
Dangerous Cargo
Time Out of Mind
Trails Meet
Points West
Man in Chains
Tiger Eye
Rodeo
The Moment and Other Essays
I Recall
The Doctor Who Held Hands
The Almost Perfect Murder
Orchids to Murder
The Velvet Hand
The Under Dogs
Murty Brown
Chips and Splinters
The Duchess of Coolgardie
Madame Storey
The Money Moon
Heritage Perilous
Hands Up
The Shadows Around Us
Fiddle o' Dreams and More
Divers Vanities
Green Ginger
The Parowan Bonanza
The Flying U Strikes
Hay-Wire
Fool's Goal
Chip of the Flying U
Fires Burn Blue
Not Exactly Ghosts
The Byzantine Achievement
First Russia Then Tibet
The Station
The Road to Oxiana
Anne of Avonlea
Anne of the Island
Last Post
The Dorrington Deed Box
Adventures of Martin Hewitt
All This and Heaven Too
Chronicles of Martin Hewitt
The Green Eye of Goona
The Red Triangle
Tales of Swordfish and Tuna
Tales Of Fishing Virgin Seas
Men
Last words
Roping Lions in the Grand Canyon
Whilomville Stories
Wounds in the Rain
The O'Ruddy
Active Service
The Third Violet
The Little Regiment
Great Battles of the World
By the Black Deep
Flighty Phyllis
The Golden Pool
The Singing Bone
The Puzzle Lock
The Missing Mortgagee
The Magic Casket
Percival Bland's Proxy
John Thorndyke's Cases
Dr Thorndykes Case-Book
The Land of Gold
The Unwilling Adventurer
From a Surgeon's Diary
Knocking Round
Along the Track
Wonderful Walks in Victoria
The Silver Stream
A Message from the Flood
The Gaunt Stranger
The Pawky Scot
Shadowed Gold
By Order of the League
The Evil That Men Do
The Seven Deadly Sins
The Island of Shadows
The Path of Progress
Ambition's Slave
The Better Way
Moray the Traitor
Aunt Mary
The Rajah's Sapphire
Nightcap and Plume
Boundless Water
No Way Home
From Man to Man
The Two Carnations
Lovers' Knots
Mr. Misfortunate
Some Famous Love Letters
Crowns And Sceptres
The Man Who Held the Wires
Wax
Cheese
The Sword Decides
Fear Stalks the Village
Edgar Wallaceâ€”Each Way
Honor Bright
Step in the Dark
While She Sleeps
The Wheel Spins
The Price a Woman Pays
The Rake's Progress
Ancient Rome
The German War
Scaramouche (UK edition)
The Red Peri
The Planet of Doubt
The New Adam
The Dark Other
The Black Flame
Smothered Seas
Graph
Flight on Titan
Collected Short Fiction
The Chobham Affair
The King
The Black Rider
When the Tsar Came
The Speed Test
Yonder's Henry
Did She Fall
Birthday Present
Biltmore Oswald
The Girl Who Got There
Stories from the History of Rome
Valley of Vanishing Men
Melba: A Biography
The Roman Traitor
John Ovington Returns
Margaret of Anjou
Phalaenopsis Gloriosa
The Vanishing Trick
Mignonette
The Bat King
Genghis Khan
Peter the Great
The Lost King
The Dragon of Kao Tsu
Richard the Third
Richard the Second
Richard the First
Valerius - A Roman Story
The Soldier from Virginia
The Iblis at Ludd
The Satyricon
Salammbo
Quo Vadis
Quintus Claudius
Quintus Claudius
The Luckiest Young Man
Silanus the Christian
Neaeraâ€”A Tale of Ancient Rome
The Battling Pacifist
The Actor's Romance
So Evil My Love
The Coroner's Dilemma
The Martyr of the Catacombs
With a Dash
The Dancing Gentleman
The Tyrant
The Lion's Brood
The Siren of the Madrid
The Last Days of Pompeii
The Ninety-Ninth Thread
The Dumb Gods Speak
No Questions Asked
Hypatia
The Failure
Going
The Reaping
Sir Adam Disappeared
Album Leaf
It's a Crazy World
The Crook in Crimson
The Guv'nor and Other Stories
The Inmperfect Crime
The Lost Ambassador
In the Strongroom
Drink We Deep
Her Birthday
When the Armanic Sank
The Vampire of Wembley
The Suburban Lothario
The Spy Who Sold Death
Second Hand Death
Red Finger Spy Poison
Red Finger Meets His Match
Red Finger Death Dealer
Locked in with Death
Envoy of Doom
Death's Toy Shop
Death's Red Finger
Death Rides the Sound
Caged Horror
Venus Mines Incorporated
The Two Moons of Tranquillia
Good-bye
Richard Bruceâ€”Burglar
My Hollywood Diary
Lost in Time
No Escape from Destiny
Pyrrhus
The Man Who Shot the Favourite
The Girl who Won at Epsom
The Derby Favourite
The Caretaker in Charge
Blooming Aloes
A Raid on a Gambling Hell
Memories and Adventures
The House of the Candles
The Get-Back
The Little Dragon of Jade
Sentry No. 1
New Guinea
A Case for Angel Esquire
Nero
Romulus
Cleopatra
Darius the Great
Cyrus the Great
Xerxes
William the Conqueror
Queen Elizabeth
King Alfred of England
Charles the Second
Mary Queen of Scots
Julius Caesar
Hannibal the Carthaginian
Charles the First
Alexander the Great
The Art of Thinking
The Three Colonies of Australia
The Yellow Box
The Bravo of London
William by the Grace of God
Stranger from Smallness
History of Queensland
God Wills It
A Victor of Salamis
A Friend of Caesar
Scholar Gispies
Kitchener's Army
Grey Weather
The Trial of the Seddons
The Secret of the Moat Farm
The Murder on Yarmouth Sands
Herbert Armstrong Poisoner
The Lady and the Arsenic
Charlotte Bronte
John Walters
Jim Brent
Through the Magic Door
The Duello in France
Life on a Greenland Whaler
Juvenilia
A Lodge in the Wilderness
Empress Octavia
The Broom-Squire
The Book of Were-Wolves
Perpetua
Pabo the Priest
In the Roar of the Sea
Domitia
A Book of Ghosts
One Night in Somerset
Before Witnesses
The Death Room
The Mouthpiece
The Table
The Man who Changed his Name
Gathering Clouds
Eric
Darkness and Dawn
Army Reform
Sanctuary Island
Smoky Cell
The Green Pack
The Earl of Nowhere
Cleopatra
Serapis
Homo Sum
Cleopatra
A Thorny Path
Mr. Miller and the Kaiser
Callista
The Magnificent Ensign Smith
The Young Carthaginian
For the Temple
Beric the Briton
Zenobia
Aurelian
The Prince Of India
The Fair God
Ben-Hur
To The Lions
The Last Days of Jerusalem
The Burning of Rome
Stories from Livy
Lords of the World
The Man Who Came Back
The Education of King Peter
A Dream
The Forest of Happy Thoughts
The Poisoners
Moss Rose
The Woman from the East
The Day of Uniting
The Big Four
The Road to London
Smithy Abroad
The Sodium Lines
Antonina
The Terror and Other Stories
The Slip
The Hand of Power
Andivius Hedulio
The Unwilling Vestal
The Histories
The Annals
The Works of Julius Caesar
The Fourth Plague
The Twelve Caesars
The Aeneid
The Murder at the 'Port Helm'
Smithy and the Hun
The Limp of the Clan Chen
The House Surgeon
If--?
Number Six
The Terror
Sundry Great Gentlemen
The Million-Dollar Story
Penelope of the Polyantha
The Great Reward
Eve's Island
The Three Oak Mystery
Gospel-Truth Mortimer
The Companions of the Ace High
Down Under Donovan
The Nuptials of Corbigny
Face Cards
While the Passengers Slept
The Barford 'Snake'
The Despatch Rider
We Shall See
The Last Adventure
The Orator
The Books of Bart
Sleuth of the Air Waves
The Suicide Coterie
Flight of the Silver Eagle
The Magic Walking-Stick
The Man Called McGinnice
Christmas Eve at the China Dog
A Day with von Tirpitz
The Steward
Shorty Bill
Forbidden Lover
The River of Stars
The Thief in the Night
The Mixer
The Mystery of the Downs
The Duel on the Beach
Elegant Edward
Out of the Blue
The Cardinal Moth
Michael Cassidy
The Dinner Club
Australasiatic Reminiscences
Good Evans
More Educated Evans
Educated Evans
The Human Touch
Barbara on her Own
A Debt Discharged
The Lady of Little Hell
The Lady Called Nita
The Black and Other Stories
Four-Square Jane
The Lieutenant and Others
Mrs. William Jonesâ€”and Bill
Men Women and Guns
Tam's Air Taxi
Killer Kay and Other Stories
The Island of Terror
The Fighting Scouts
Thermodynamics
Smithy
Smithy
Nobby
The Missing Million
The Melody of Death
The Green Ribbon
The Black Abbot
The Golden Hades
The Undisclosed Client
The Flying Fifty-Five
Vultures' Sanctuary
Golden Hope Christmas
Drums of the Sunset
The Rocklitz
Sergeant Sir Peter
They Dine in Darkness
The Little Walking Corpses
The Hound of Hell
The Corpse Factory
Terror Beneath the Streets
Satan's Handmaiden
Satan's Bedchamber
One Night of Terror
Monster at Play
Midnight Fangs
Madman's Bride
Girl of the Goat God
Death's Mistress
Death Lands a Cargo
Bride of the Winged Terror
The Green Ray
The Strange Countess
The Vanishing American
Revels for the Lusting Dead
Priestess of Murder
Lair of the Snake Girl
Death's Cold Arms
Death Lives in Our House
The Dead Remember
Thirst of the Damned
Satan's Scalpel
Riverfront Horror
Crawling Madness
Chains of the Living Dead
Geographical Memoirs on NSW
The Carnival of Florence
The Black Swan
The Enchanted Bluff
When Love Went Mad!
The Man Who Would Not Die
Thirst of the Living Dead
Collected Juvenilia
House of Living Death
Four Tales of Terror
Red Blades of Black Cathay
Knife-River Prodigal
A Ring-Tailed Tornado
A Man-Eating Jeopard
Red Lion and Blue Star
Strange Detective Stories
Black Hound of Death
The Crime of Laura Sarelle
The Stalking-Horse
The Challenge from Beyond
My Lady Bountiful
Bellarion The Fortunate
Dig Me No Grave
A Moment's Madness
The Riot of Bucksnort
Gents on the Lynch
A Gent from the Pecos
Three Tales of the Ring
Swords of Shahrazar
Brethren of the Main
Five-Star Frameup
The Lonely Bride
The Dream
Cimmeria - A Poem
World Brain
What is Coming
Washington and the Hope of Peace
War and the Future
Utopias
This Misery of Boots
The War That Will End War
The Open Conspiracy
The Salvaging of Civilization
The Future in America
The Fate of Man
The Elements of Reconstruction
The Discovery of the Future
The Common Sense of War and Peace
Socialism and the Family
New Worlds for Old
Marxism vs. Liberalism
Mankind in the Making
In the Fourth Year
God the Invisible King
First and Last Things
Experiment in Autobiography
Crux Ansata
Certain Personal Matters
A Year of Prophesying
Anticipations
An Englishman Looks at the World
The Idea of a League of Nations
The Wheels of Chance
The Undying Fire
The Soul of a Bishop
The Secret Places of the Heart
The Research Magnificent
The Passionate Friends
You Can't Be Too Careful
The Wife of Sir Isaac Harman
The New Machiavelli
The King Who was a King
The History of Mr Polly
Mr. Britling Sees it Through
Meanwhile
Marriage
Love and Mr Lewisham
Joan and Peter
The Brothers
Boon
Bealby: A Holiday
Babes in the Darkling Woods
King in Prussia
The World Set Free
The Wonderful Visit
The War in the Air
When the Sleeper Awakes
The Sleeper Awakes
Chivalry
A Modern Utopia
The Sea Lady
In the Days of the Comet
The Food of the Gods
The First Men in the Moon
Jan in India
Ah
The Poisoners
Sixteen in Nome
Silvertip's Search
The Devil Light
The Black Grippe
The Whispering Outlaw
The Mustang Herder
The Mountain Fugitive
The Lightning Warrior
Red Devil of the Range
Marbleface
The Quest of Lee Garrison
The Terrible People
The Nuptials of Corbal
The Tomb of Ts'in
The Red Bandanna
Soft Metal
His Name His Fortune
The Tenderfoot
Gunman's Gold
Aunt Beardie
The Marriage of Meldrum Strange
Wild Freedom
Way of the Lawless
Trailin'
The Rangeland Avenger
The Long Long Trail
Silvertip
The Garden of Eden
Riders of the Silences
Harrigan
Donnegan
Bull Hunter
Black Jack
Alcatraz
Acres of Unrest
Valley Thieves
The Seventh Man
The Untamed
The Ten-Foot Chain
The Moon Pool
The Metal Monster
When Old Gods Wake
The White Road
The Last Poet and the Robots
Collected Short Stories
The Mask of Midas
The Man with the Scales
The Secret of the League
Kai Lung Unrolls His Mat
Twelve Tales
An African Millionaire
Hilda Wade
Miss Cayley's Adventures
Paul Ferroll
Five Hundred Carats
The Star Chamber
Rookwood
Preston Fight
Ovingdean Grange
Guy Fawkes
The Revenge of the Robot
The Metal Monster
The Malignant Entity
Spawn of the Comet
A Vision of Venus
The Ebony Stick
General Crack
The Swordsman of Mars
The Harper's Stories
Fifty Candles
Inside the Lines
Love Insurance
Seven Keys to Baldpate
Nell Gwyn
Cambric Tea
Stuffing
The Passionate Year
Magic
The Appetite of Tyranny
The Barbarism of Berlin
The Flying Inn
Mary Queen of Scots
The Dawn of Reckoning
The White Pillars Murder
The Well and the Shallows
Call from Hell
The Song of the Cakes
The Revolt of the Machines
The Death-Cloud
When the Sleepers Woke
The Great Dome of Mercury
Collected Stories Vol. II
Defender of the Faith
The Avenger Collection
Twelve Types
Tremendous Trifles
Manalive
The Reporter and Other Stories
The Adventures of Heine
Kate Plus Ten
The Admirable Carfew
Tomb of Torture
The Terror's Trademark
The Eyes of Durga
Taking No Chances
Satan's Scalpel
Paid in Slugs
Considine Laughs
Secret Agent X
With Swag and Billy
The Angel of the Assassination
The Defendant
Varied Types
Ben Hamed
Greybeards at Play
What's Wrong with the World
The Ball and the Cross
Orthodoxy
Eugenics and Other Evils
Autobiography
Heretics
A Miscellany of Men
All Things Considered
Alarms and Discursions
The Turnstile
Miranda of the Balcony
Ferriby
Collected Short Stories Vol. XV
Collected Short Stories Vol. XI
Collected Short Stories Vol. X
Collected Short Stories Vol. IX
Collected Short Stories Vol. VI
Collected Short Stories Vol. V
Early Tasmania
The Golden Violet
The Missing Note
The Third Estate
The Leopard and the Lily
The Governor of England
An Economic History of Australia
Sword of Gimshai
Sargasso of Lost Safaris
Venetian Masque
The Gates of Doom
The Banner of the Bull
The King's Minion
The Hounds of God
The Debate Continues
Kings-at-Arms
God's Playthings
Julia Roseingrave
Pictures of Travel
Landlopers
The Watchers
The Truants
The Four Corners of The World
Parson Kelly
Lawrence Clavering
Green Stockings
A Romance of Wastdale
No Other Tiger
Wreck of the Sydney Cove in 1797
The Dean's Elbow
Gleanings: 1910-1914
Purple Pirate
The Prison Breakers
The Edgar Wallace Reader
Fighting Snub Reilly
The Burning Glass
Gleanings: 1903-1909
Full Moon
The Man from Poonch
Tennyson
Thackeray
Robert Louis Stevenson
Chaucer
Up the Ladder of Gold
Witness for the Defence
The Summons
The Philanderers
The Broken Road
Running Water
Clementina
Selected Short Stories
They Wouldn't be Chessmen
The Discovery of Bass Strait
Selected Short Stories
Queen Cleopatra
A Soldier and a Gentleman
Thomas Carlyle
John Burnet of Barns
Journal and Letters
Robert Browning
George Bernard Shaw
Montrose: A History
A Lost Lady of Old Years
The Soul of a Regiment
The Pillar Of Light
Making 10000 Pounds
Kitty Burns Her Fingers
MacHassan Ah
The Middle Way
Poems and Dicta
Hookum Hai
For the Salt he had Eaten
The Thunder Dragon Gate
Mr. Mirakel
Moses and Mrs Aintree
A Secret Society
The Lost Trooper
The Interloper
Murder at the Pageant
The White Drake
The Way of Stars
The Voyage of the Endeavour
The Discovery of Australia
The Grassleyes Mystery
The Golden Beast
The Court of St. Simon
The Man Without Nerves
Lachlan Macquarie
Australian Discovery by Land
Australian Discovery by Sea
Sir Quixote of the Moors
Simple Peter Cradd
Walter Sickert: A Conversation
The Cave Girl
Looking Backward
Who Travels Alone
False Evidence
The World's Great Snare
The Glenlitten Murder
The Lady of Ascot
Those Folk of Bulboro'
The Feathered Serpent
The Double
The Kingdom of Earth
Private Selby
The Squeaker
Silinskiâ€”Master Criminal
The Nine Bears
Double Dan
Seventy-three Short Stories
Earliest Writing
Passers-by
The Seven Conundrums
Crooks in the Sunshine
The Way of These Women
For the Queen
The Passionate Quest
Those Other Days
The Lion and the Lamb
A Daughter of Astrea
The Pool of Memory
Mr. Billingham
Jennerton and Co
Clowns and Criminals
Michael's Evil Deeds
A Sleeping Memory
Advice Ltd
Grey Timothy
The Yellow Crayon
The Wicked Marquis
The Master Mummer
The Malefactor
The Betrayal
A Monk of Cruta
Anna the Adventuress
The Vanished Messenger
A Maker of History
The Traitors
The Profiteers
The New Tenant
The Moving Finger
The Missioner
The Mischief-Maker
The Lighted Way
The Hillman
The Illustrious Prince
The Great Secret
The Great Prince Shan
The Governors
The Evil Shepherd
The Double Traitor
Peter Ruff
The Double Four
The Cinema Murder
The Devil's Paw
The Black Box
The Lost World
Sir Walter Scott
The War in South Africa
The Great Boer War
The Crime of the Congo
A Visit to Three Fronts
A Glimpse of the Army
The Trial of Oscar Slater
Papuan Pictures
Picturesque New Guinea
Papua or British New Guinea
Mr. Marx's Secret
Mysterious Mr. Sabin
Nobody's Man
The Pawns Count
Karma
Jeanne of the Marshes
Jacob's Ladder
Crossed Swords
Art Critics
Challenge
Knock-out
The Watcher by the Threshold
Icky of Oluk Lake
The World Next Door
The Witness
The Waterwitch
The Vital Spot
The Unexpected
The Throat of the Wolf
The Sword of Justice
The Superman
The Real Dramatic Touch
The Northern Light
A Captious Critic
The Midnight Call
The Man Who Got Through
The Luck of the Game
The Emsdam Dispatches
A Masked Battery
The Lonely Furrow
The Language of Flowers
The Heart of an Anarchist
The Fourth Man
The Eye of the Camera
The Lesson The Ants Taught
The Desert Ship
The Dawnstar
The Charlatan
The Buff Gauntlet
The Broken Trail
The Broken Lute
The Balance Of Nature
The Apple-Green Plate
The Thirty-Seventh Month
Sub Rosa
Second In The Field
Photo By Lesterre
Pearls of Price
Forget-Me-Not
One Foggy Night
Not on the Records
Nerves
Made in England
Love in Aether
Full Fathoms Deep
Below Zero
A Single Hair
The Salmon Poachers
The Last Drive
A Record Round
Applied Mechanics
A Place in the Sun
A Parrot Cry
An Ally
A Matter Of Habit
A Question Of Money
A Garden Of Pearls
One Of The Old Guard
A Draught Of Life
After Reynolds
A Dose Of Quinine
A Corner In Elephants
According To The Statute
A Bit Of Egypt
Out of Season
Mere Details
The Unpremeditated Curtain
Drops of Water
A Stranger in Bohemia
A Liberal Education
A Matter of Kindness
The Two Bon-Bons
The Long Arm of Bronze
The First Stone
Blind Chance
A Thrilling Exit
The Onus Of The Charge
The Night Express
The Great White Moth
The Fire Bugs
General Marcos
Crysoline Limited
Redburn Castle
The Cradlestone Oil Mills
The Death Of The President
The Rosy Cross
Cleopatra's Robe
The Silverpool Cup
At Windsor
The Head Of The Caesars
Three of Them
The Courage of Despair
The Almedi Concession
In The Express
By Woman's Wit
Found
The Price Of Silence
The Midnight Guest
This England: Studies of Today
Spain
Red Pages from Tsardom
Reports From the Boer War
A King by Night
The House on the Island
A Popular Novelist
Damon Runyon Omnibus
Slade
On the Iron at Big Cloud
Pawned
Christowell
The Maid of Sker
The Night Operator
The Romantic Prince
Free and Other Stories
The Impudence of Youth
The Sin that was His
Bones of the River
The Passenger from Scotland Yard
Letters to a Young Woman
Anglo-Karen Dictionary
A Self-Made Thief
Edgar Wallace by Himself
Bulldog Drummond
Thomas Mitchell
A Scots Quair
Mother Goose Rhymes
Stories of the Foreign Legion
Killed At Resaca
The White Cliffs
The War with the Newts
Beau Sabreur
Pharos the Egyptian
The First Discovery of Australia
Beau Geste
Shorter Poems
The Sinister Man
The People of the River
The Man who Bought London
The Face in the Night
The Avenger
The Survivor
The Way of the Spirit
Creative English
Fact'ry 'Ands
Benno and Some of the Push
Collected Stories
Four Faultless Felons
The Moon Men
Tarzan the Magnificent
Tarzan the Invincible
Land of Terror
The Lad and the Lion
The Girl From Hollywood
West Australian Orchids
White Narcissus
Skin O' My Tooth
The Road Away from Revolution
Isles of Fear
Niels Lyhne
Views and Reviews
Pirates of Venus
Lost on Venus
Escape on Venus
Carson of Venus
Australian Discovery
Dr Nikola's Experiment
Cass Timberlane

a
Base de dados carregada com sucesso
]]></system-out>
  <system-err><![CDATA[]]></system-err>
</testsuite>
